#
# There is insufficient memory for the Java Runtime Environment to continue.
# Native memory allocation (malloc) failed to allocate 32744 bytes for ChunkPool::allocate
# Possible reasons:
#   The system is out of physical RAM or swap space
#   In 32 bit mode, the process size limit was hit
# Possible solutions:
#   Reduce memory load on the system
#   Increase physical memory or swap space
#   Check if swap backing store is full
#   Use 64 bit Java on a 64 bit OS
#   Decrease Java heap size (-Xmx/-Xms)
#   Decrease number of Java threads
#   Decrease Java thread stack sizes (-Xss)
#   Set larger code cache with -XX:ReservedCodeCacheSize=
# This output file may be truncated or incomplete.
#
#  Out of Memory Error (allocation.cpp:273), pid=11976, tid=0x0000000000002fa0
#
# JRE version: Java(TM) SE Runtime Environment (8.0_131-b11) (build 1.8.0_131-b11)
# Java VM: Java HotSpot(TM) 64-Bit Server VM (25.131-b11 mixed mode windows-amd64 compressed oops)
# Failed to write core dump. Minidumps are not enabled by default on client versions of Windows
#

---------------  T H R E A D  ---------------

Current thread (0x0000000014842800):  JavaThread "C2 CompilerThread1" daemon [_thread_in_vm, id=12192, stack(0x0000000015f90000,0x0000000016090000)]

Stack: [0x0000000015f90000,0x0000000016090000]
[error occurred during error reporting (printing stack bounds), id 0xc0000005]

Native frames: (J=compiled Java code, j=interpreted, Vv=VM code, C=native code)


Current CompileTask:
C2:    736  186       4       jdk.internal.org.objectweb.asm.ByteVector::putUTF8 (142 bytes)


---------------  P R O C E S S  ---------------

Java Threads: ( => current thread )
  0x00000000161d0000 JavaThread "Service Thread" daemon [_thread_blocked, id=11652, stack(0x0000000016590000,0x0000000016690000)]
  0x0000000014850800 JavaThread "C1 CompilerThread2" daemon [_thread_in_native, id=10024, stack(0x0000000016090000,0x0000000016190000)]
=>0x0000000014842800 JavaThread "C2 CompilerThread1" daemon [_thread_in_vm, id=12192, stack(0x0000000015f90000,0x0000000016090000)]
  0x0000000014840000 JavaThread "C2 CompilerThread0" daemon [_thread_blocked, id=9668, stack(0x0000000015e90000,0x0000000015f90000)]
  0x000000001483c000 JavaThread "Attach Listener" daemon [_thread_blocked, id=5968, stack(0x0000000015d90000,0x0000000015e90000)]
  0x000000001483b000 JavaThread "Signal Dispatcher" daemon [_thread_blocked, id=2192, stack(0x0000000015c90000,0x0000000015d90000)]
  0x00000000021da800 JavaThread "Finalizer" daemon [_thread_blocked, id=5504, stack(0x0000000015a90000,0x0000000015b90000)]
  0x0000000014809000 JavaThread "Reference Handler" daemon [_thread_blocked, id=12048, stack(0x0000000015990000,0x0000000015a90000)]
  0x00000000020dd800 JavaThread "main" [_thread_in_vm, id=11692, stack(0x0000000001f80000,0x0000000002080000)]

Other Threads:
  0x0000000014807000 VMThread [stack: 0x0000000015890000,0x0000000015990000] [id=11460]
  0x00000000161db000 WatcherThread [stack: 0x00000000167a0000,0x00000000168a0000] [id=10264]

VM state:not at safepoint (normal execution)

VM Mutex/Monitor currently owned by a thread: None

Heap:
 PSYoungGen      total 18944K, used 2294K [0x00000000eaf00000, 0x00000000ec400000, 0x0000000100000000)
  eden space 16384K, 14% used [0x00000000eaf00000,0x00000000eb13d980,0x00000000ebf00000)
  from space 2560K, 0% used [0x00000000ec180000,0x00000000ec180000,0x00000000ec400000)
  to   space 2560K, 0% used [0x00000000ebf00000,0x00000000ebf00000,0x00000000ec180000)
 ParOldGen       total 44032K, used 0K [0x00000000c0c00000, 0x00000000c3700000, 0x00000000eaf00000)
  object space 44032K, 0% used [0x00000000c0c00000,0x00000000c0c00000,0x00000000c3700000)
 Metaspace       used 4498K, capacity 4836K, committed 4992K, reserved 1056768K
  class space    used 534K, capacity 607K, committed 640K, reserved 1048576K

Card table byte_map: [0x00000000115a0000,0x00000000117a0000] byte_map_base: 0x0000000010f9a000

Marking Bits: (ParMarkBitMap*) 0x000000006cecc720
 Begin Bits: [0x0000000011d00000, 0x0000000012cd0000)
 End Bits:   [0x0000000012cd0000, 0x0000000013ca0000)

Polling page: 0x00000000007e0000

CodeCache: size=245760Kb used=1340Kb max_used=1340Kb free=244419Kb
 bounds [0x00000000021e0000, 0x0000000002450000, 0x00000000111e0000]
 total_blobs=447 nmethods=180 adapters=180
 compilation: enabled

Compilation events (10 events):
Event: 0.713 Thread 0x0000000014850800  166       3       java.lang.invoke.InvokerBytecodeGenerator::isStaticallyNameable (116 bytes)
Event: 0.719 Thread 0x0000000014850800 nmethod 166 0x00000000023274d0 code [0x0000000002327840, 0x0000000002329918]
Event: 0.719 Thread 0x0000000014850800  169       3       java.lang.invoke.MemberName::getMethodOrFieldType (72 bytes)
Event: 0.722 Thread 0x0000000014850800 nmethod 169 0x000000000232abd0 code [0x000000000232aec0, 0x000000000232c5a8]
Event: 0.722 Thread 0x0000000014850800  167       3       jdk.internal.org.objectweb.asm.Item::isEqualTo (354 bytes)
Event: 0.724 Thread 0x0000000014850800 nmethod 167 0x000000000232d250 code [0x000000000232d480, 0x000000000232e148]
Event: 0.724 Thread 0x0000000014850800  175       3       java.lang.invoke.MemberName::testAllFlags (7 bytes)
Event: 0.725 Thread 0x0000000014850800 nmethod 175 0x000000000232e510 code [0x000000000232e680, 0x000000000232e890]
Event: 0.725 Thread 0x0000000014850800  171       3       jdk.internal.org.objectweb.asm.Frame::execute (2252 bytes)
Event: 0.733 Thread 0x0000000014842800  186       4       jdk.internal.org.objectweb.asm.ByteVector::putUTF8 (142 bytes)

GC Heap History (0 events):
No events

Deoptimization events (0 events):
No events

Internal exceptions (9 events):
Event: 0.119 Thread 0x00000000020dd800 Exception <a 'java/lang/NoSuchMethodError': Method sun.misc.Unsafe.defineClass(Ljava/lang/String;[BII)Ljava/lang/Class; name or signature does not match> (0x00000000eaf07ca8) thrown at [C:\re\workspace\8-2-build-windows-amd64-cygwin\jdk8u131\8869\hotspot\
Event: 0.119 Thread 0x00000000020dd800 Exception <a 'java/lang/NoSuchMethodError': Method sun.misc.Unsafe.prefetchRead(Ljava/lang/Object;J)V name or signature does not match> (0x00000000eaf07f90) thrown at [C:\re\workspace\8-2-build-windows-amd64-cygwin\jdk8u131\8869\hotspot\src\share\vm\prims
Event: 0.312 Thread 0x00000000020dd800 Exception <a 'java/io/FileNotFoundException'> (0x00000000eaf5f668) thrown at [C:\re\workspace\8-2-build-windows-amd64-cygwin\jdk8u131\8869\hotspot\src\share\vm\prims\jni.cpp, line 709]
Event: 0.579 Thread 0x00000000020dd800 Exception <a 'java/security/PrivilegedActionException'> (0x00000000eb021f48) thrown at [C:\re\workspace\8-2-build-windows-amd64-cygwin\jdk8u131\8869\hotspot\src\share\vm\prims\jvm.cpp, line 1390]
Event: 0.579 Thread 0x00000000020dd800 Exception <a 'java/security/PrivilegedActionException'> (0x00000000eb022158) thrown at [C:\re\workspace\8-2-build-windows-amd64-cygwin\jdk8u131\8869\hotspot\src\share\vm\prims\jvm.cpp, line 1390]
Event: 0.582 Thread 0x00000000020dd800 Exception <a 'java/security/PrivilegedActionException'> (0x00000000eb025dc8) thrown at [C:\re\workspace\8-2-build-windows-amd64-cygwin\jdk8u131\8869\hotspot\src\share\vm\prims\jvm.cpp, line 1390]
Event: 0.582 Thread 0x00000000020dd800 Exception <a 'java/security/PrivilegedActionException'> (0x00000000eb025fd8) thrown at [C:\re\workspace\8-2-build-windows-amd64-cygwin\jdk8u131\8869\hotspot\src\share\vm\prims\jvm.cpp, line 1390]
Event: 0.592 Thread 0x00000000020dd800 Exception <a 'java/io/FileNotFoundException'> (0x00000000eb028dd8) thrown at [C:\re\workspace\8-2-build-windows-amd64-cygwin\jdk8u131\8869\hotspot\src\share\vm\prims\jni.cpp, line 709]
Event: 0.727 Thread 0x00000000020dd800 Exception <a 'java/lang/NoSuchFieldError': method resolution failed> (0x00000000eb0f6108) thrown at [C:\re\workspace\8-2-build-windows-amd64-cygwin\jdk8u131\8869\hotspot\src\share\vm\prims\methodHandles.cpp, line 1146]

Events (10 events):
Event: 0.678 loading class java/lang/invoke/DelegatingMethodHandle done
Event: 0.678 loading class java/lang/invoke/MethodHandleImpl$AsVarargsCollector done
Event: 0.680 loading class java/lang/invoke/WrongMethodTypeException
Event: 0.680 loading class java/lang/invoke/WrongMethodTypeException done
Event: 0.687 loading class java/lang/invoke/MethodHandleImpl$Lazy
Event: 0.687 loading class java/lang/invoke/MethodHandleImpl$Lazy done
Event: 0.688 loading class java/lang/invoke/MethodHandleImpl$IntrinsicMethodHandle
Event: 0.688 loading class java/lang/invoke/MethodHandleImpl$IntrinsicMethodHandle done
Event: 0.727 loading class java/lang/NoSuchFieldError
Event: 0.727 loading class java/lang/NoSuchFieldError done


Dynamic libraries:
0x00007ff7a4740000 - 0x00007ff7a4777000 	C:\Program Files\Java\jre1.8.0_131\bin\javaw.exe
0x00007ffba1520000 - 0x00007ffba16cd000 	C:\WINDOWS\SYSTEM32\ntdll.dll
0x00007ffb9f990000 - 0x00007ffb9faca000 	C:\WINDOWS\system32\KERNEL32.DLL
0x00007ffb7d9b0000 - 0x00007ffb7da04000 	C:\Program Files (x86)\AVG\Av\avghooka.dll
0x00007ffb9d5c0000 - 0x00007ffb9d6d5000 	C:\WINDOWS\system32\KERNELBASE.dll
0x00007ffb9c160000 - 0x00007ffb9c1e8000 	C:\WINDOWS\system32\apphelp.dll
0x00007ffba0950000 - 0x00007ffba099f000 	C:\WINDOWS\AppPatch\AppPatch64\AcGenral.DLL
0x00007ffb9fb80000 - 0x00007ffb9fc27000 	C:\WINDOWS\system32\msvcrt.dll
0x00007ffb9d2c0000 - 0x00007ffb9d2eb000 	C:\WINDOWS\SYSTEM32\SspiCli.dll
0x00007ffb9fee0000 - 0x00007ffb9ff31000 	C:\WINDOWS\system32\SHLWAPI.dll
0x00007ffb9db10000 - 0x00007ffb9dc87000 	C:\WINDOWS\system32\USER32.dll
0x00007ffb9fd60000 - 0x00007ffb9fed8000 	C:\WINDOWS\system32\ole32.dll
0x00007ffb9e2a0000 - 0x00007ffb9f6b7000 	C:\WINDOWS\system32\SHELL32.dll
0x00007ffb9cad0000 - 0x00007ffb9caef000 	C:\WINDOWS\SYSTEM32\USERENV.dll
0x00007ffb9fad0000 - 0x00007ffb9fb7a000 	C:\WINDOWS\system32\ADVAPI32.dll
0x00007ffb93430000 - 0x00007ffb9344b000 	C:\WINDOWS\SYSTEM32\MPR.dll
0x00007ffb9e160000 - 0x00007ffb9e296000 	C:\WINDOWS\system32\RPCRT4.dll
0x00007ffb9da10000 - 0x00007ffb9da67000 	C:\WINDOWS\SYSTEM32\sechost.dll
0x00007ffb9dda0000 - 0x00007ffb9df76000 	C:\WINDOWS\SYSTEM32\combase.dll
0x00007ffb9f6c0000 - 0x00007ffb9f805000 	C:\WINDOWS\system32\GDI32.dll
0x00007ffb9d4f0000 - 0x00007ffb9d504000 	C:\WINDOWS\SYSTEM32\profapi.dll
0x00007ffb9be10000 - 0x00007ffb9beaf000 	C:\WINDOWS\SYSTEM32\SHCORE.dll
0x00007ffb9dc90000 - 0x00007ffb9dcc4000 	C:\WINDOWS\system32\IMM32.DLL
0x00007ffb9f810000 - 0x00007ffb9f962000 	C:\WINDOWS\system32\MSCTF.dll
0x00007ffb9b380000 - 0x00007ffb9b5da000 	C:\WINDOWS\WinSxS\amd64_microsoft.windows.common-controls_6595b64144ccf1df_6.0.9600.17031_none_6242a4b3ecbb55a1\COMCTL32.dll
0x000000006b0b0000 - 0x000000006b182000 	C:\Program Files\Java\jre1.8.0_131\bin\msvcr100.dll
0x000000006c6b0000 - 0x000000006cf4c000 	C:\Program Files\Java\jre1.8.0_131\bin\server\jvm.dll
0x00007ffb95d40000 - 0x00007ffb95d49000 	C:\WINDOWS\SYSTEM32\WSOCK32.dll
0x00007ffb98ad0000 - 0x00007ffb98aef000 	C:\WINDOWS\SYSTEM32\WINMM.dll
0x00007ffb96b60000 - 0x00007ffb96b6a000 	C:\WINDOWS\SYSTEM32\VERSION.dll
0x00007ffb9ff40000 - 0x00007ffb9ff47000 	C:\WINDOWS\system32\PSAPI.DLL
0x00007ffb9dce0000 - 0x00007ffb9dd3a000 	C:\WINDOWS\system32\WS2_32.dll
0x00007ffb98aa0000 - 0x00007ffb98aca000 	C:\WINDOWS\SYSTEM32\WINMMBASE.dll
0x00007ffb9f970000 - 0x00007ffb9f979000 	C:\WINDOWS\system32\NSI.dll
0x00007ffb9d6e0000 - 0x00007ffb9d72a000 	C:\WINDOWS\SYSTEM32\cfgmgr32.dll
0x00007ffb9c330000 - 0x00007ffb9c356000 	C:\WINDOWS\SYSTEM32\DEVOBJ.dll
0x000000006c6a0000 - 0x000000006c6af000 	C:\Program Files\Java\jre1.8.0_131\bin\verify.dll
0x000000006c670000 - 0x000000006c699000 	C:\Program Files\Java\jre1.8.0_131\bin\java.dll
0x000000006c650000 - 0x000000006c666000 	C:\Program Files\Java\jre1.8.0_131\bin\zip.dll
0x000000006af10000 - 0x000000006b0a8000 	C:\Program Files\Java\jre1.8.0_131\bin\awt.dll
0x00007ffba0100000 - 0x00007ffba01b7000 	C:\WINDOWS\system32\OLEAUT32.dll

VM Arguments:
jvm_args: -Dfile.encoding=Cp1252 
java_command: clientapp.Client1
java_class_path (initial): C:\Users\khadiza\workspace\ClientApp\bin;C:\Users\khadiza\Downloads\Compressed\javax.xml.rpc-3.1.2.2.jar;C:\Users\khadiza\Downloads\Compressed\axis-1.4.jar;C:\Users\khadiza\Downloads\Compressed\org-apache-commons-logging.jar;C:\Users\khadiza\Downloads\Compressed\commons-discovery-0.5.jar;C:\Users\khadiza\Downloads\Compressed\wsdl4j-1.5.2.jar;C:\Users\khadiza\Downloads\Compressed\javamail-mailapi-1.4.jar;C:\Users\khadiza\Downloads\Compressed\javax.activation.jar;B:\softwares\Outils_java\mysql-connector-java-5.1.38\mysql-connector-java-5.1.38-bin.jar
Launcher Type: SUN_STANDARD

Environment Variables:
JAVA_HOME=C:\Program Files\Java\jdk1.8.0_66
CLASSPATH=.;B:\Red area(x64)\AxisLib\activation.jar;B:\Red area(x64)\AxisLib\axis.jar;B:\Red area(x64)\AxisLib\axis-ant.jar;B:\Red area(x64)\AxisLib\axis-schema.jar;B:\Red area(x64)\AxisLib\commons-discovery-0.2.jar;B:\Red area(x64)\AxisLib\commons-logging-1.0.4.jar;B:\Red area(x64)\AxisLib\jaxrpc.jar;B:\Red area(x64)\AxisLib\log4j-1.2.8.jar;B:\Red area(x64)\AxisLib\mail.jar;B:\Red area(x64)\AxisLib\saaj.jar;B:\Red area(x64)\AxisLib\wsdl4j-1.5.1.jar;B:\Red area(x64)\AxisLib\xerces.jar;
PATH=C:/Program Files/Java/jre1.8.0_131/bin/server;C:/Program Files/Java/jre1.8.0_131/bin;C:/Program Files/Java/jre1.8.0_131/lib/amd64;C:\ProgramData\Oracle\Java\javapath;c:\Program Files (x86)\AMD APP\bin\x86_64;c:\Program Files (x86)\AMD APP\bin\x86;C:\WINDOWS\system32;C:\WINDOWS;C:\WINDOWS\System32\Wbem;C:\WINDOWS\System32\WindowsPowerShell\v1.0\;C:\Program Files\Java\jdk1.8.0_66\bin;C:\Program Files\Java\jre1.8.0_66\bin;B:\Red area(x64)\apache-tomcat-9.0.0.M17\bin;B:\Red area(x64)\maven\apache-maven-3.5.0\bin;B:\Red area(x64)\wildfly-10.1.0.Final\bin;C:\Program Files (x86)\Intel\OpenCL SDK\2.0\bin\x86;C:\Program Files (x86)\Intel\OpenCL SDK\2.0\bin\x64;C:\Program Files\Java\jdk1.8.0_66\bin;C:\WINDOWS\System32;
USERNAME=Chris
OS=Windows_NT
PROCESSOR_IDENTIFIER=Intel64 Family 6 Model 42 Stepping 7, GenuineIntel



---------------  S Y S T E M  ---------------

OS: Windows 8.1 , 64 bit Build 9600 (6.3.9600.17031)

CPU:total 4 (initial active 4) (2 cores per cpu, 2 threads per core) family 6 model 42 stepping 7, cmov, cx8, fxsr, mmx, sse, sse2, sse3, ssse3, sse4.1, sse4.2, popcnt, avx, aes, clmul, ht, tsc, tscinvbit

Memory: 4k page, physical 4140912k(827304k free), swap 7286640k(3500k free)

vm_info: Java HotSpot(TM) 64-Bit Server VM (25.131-b11) for windows-amd64 JRE (1.8.0_131-b11), built on Mar 15 2017 01:23:53 by "java_re" with MS VC++ 10.0 (VS2010)

time: Fri May 26 16:42:59 2017
elapsed time: 0 seconds (0d 0h 0m 0s)

