#
# There is insufficient memory for the Java Runtime Environment to continue.
# Native memory allocation (malloc) failed to allocate 302336 bytes for Chunk::new
# Possible reasons:
#   The system is out of physical RAM or swap space
#   In 32 bit mode, the process size limit was hit
# Possible solutions:
#   Reduce memory load on the system
#   Increase physical memory or swap space
#   Check if swap backing store is full
#   Use 64 bit Java on a 64 bit OS
#   Decrease Java heap size (-Xmx/-Xms)
#   Decrease number of Java threads
#   Decrease Java thread stack sizes (-Xss)
#   Set larger code cache with -XX:ReservedCodeCacheSize=
# This output file may be truncated or incomplete.
#
#  Out of Memory Error (allocation.cpp:390), pid=10096, tid=0x0000000000000060
#
# JRE version: Java(TM) SE Runtime Environment (8.0_131-b11) (build 1.8.0_131-b11)
# Java VM: Java HotSpot(TM) 64-Bit Server VM (25.131-b11 mixed mode windows-amd64 compressed oops)
# Failed to write core dump. Minidumps are not enabled by default on client versions of Windows
#

---------------  T H R E A D  ---------------

Current thread (0x0000000014dd5800):  JavaThread "C2 CompilerThread1" daemon [_thread_in_native, id=96, stack(0x0000000016530000,0x0000000016630000)]

Stack: [0x0000000016530000,0x0000000016630000]
[error occurred during error reporting (printing stack bounds), id 0xc0000005]

Native frames: (J=compiled Java code, j=interpreted, Vv=VM code, C=native code)


Current CompileTask:
C2:   5132  611   !   4       sun.nio.ch.IOUtil::read (93 bytes)


---------------  P R O C E S S  ---------------

Java Threads: ( => current thread )
  0x000000000266d800 JavaThread "DestroyJavaVM" [_thread_blocked, id=5820, stack(0x0000000002560000,0x0000000002660000)]
  0x0000000016b26800 JavaThread "AWT-EventQueue-0" [_thread_in_Java, id=9420, stack(0x0000000017f40000,0x0000000018040000)]
  0x0000000016ae4000 JavaThread "AWT-Windows" daemon [_thread_in_native, id=4356, stack(0x0000000017840000,0x0000000017940000)]
  0x0000000016ae2800 JavaThread "AWT-Shutdown" [_thread_blocked, id=8680, stack(0x0000000017740000,0x0000000017840000)]
  0x0000000016ae1800 JavaThread "Java2D Disposer" daemon [_thread_blocked, id=9148, stack(0x0000000017640000,0x0000000017740000)]
  0x0000000016769800 JavaThread "Service Thread" daemon [_thread_blocked, id=9480, stack(0x0000000016b30000,0x0000000016c30000)]
  0x0000000014dda800 JavaThread "C1 CompilerThread2" daemon [_thread_in_native, id=10264, stack(0x0000000016630000,0x0000000016730000)]
=>0x0000000014dd5800 JavaThread "C2 CompilerThread1" daemon [_thread_in_native, id=96, stack(0x0000000016530000,0x0000000016630000)]
  0x0000000014dcf800 JavaThread "C2 CompilerThread0" daemon [_thread_in_native, id=8916, stack(0x0000000016430000,0x0000000016530000)]
  0x0000000014dcc000 JavaThread "Attach Listener" daemon [_thread_blocked, id=6940, stack(0x0000000016330000,0x0000000016430000)]
  0x0000000014dcb000 JavaThread "Signal Dispatcher" daemon [_thread_blocked, id=9968, stack(0x0000000016230000,0x0000000016330000)]
  0x000000000276a800 JavaThread "Finalizer" daemon [_thread_blocked, id=2036, stack(0x0000000016030000,0x0000000016130000)]
  0x0000000014d99000 JavaThread "Reference Handler" daemon [_thread_blocked, id=11032, stack(0x0000000015f30000,0x0000000016030000)]

Other Threads:
  0x0000000014d97000 VMThread [stack: 0x0000000015e30000,0x0000000015f30000] [id=1432]
  0x000000001677d800 WatcherThread [stack: 0x0000000016d40000,0x0000000016e40000] [id=9364]

VM state:not at safepoint (normal execution)

VM Mutex/Monitor currently owned by a thread: None

Heap:
 PSYoungGen      total 18944K, used 9839K [0x00000000eaf00000, 0x00000000ec400000, 0x0000000100000000)
  eden space 16384K, 60% used [0x00000000eaf00000,0x00000000eb89be80,0x00000000ebf00000)
  from space 2560K, 0% used [0x00000000ec180000,0x00000000ec180000,0x00000000ec400000)
  to   space 2560K, 0% used [0x00000000ebf00000,0x00000000ebf00000,0x00000000ec180000)
 ParOldGen       total 44032K, used 0K [0x00000000c0c00000, 0x00000000c3700000, 0x00000000eaf00000)
  object space 44032K, 0% used [0x00000000c0c00000,0x00000000c0c00000,0x00000000c3700000)
 Metaspace       used 10842K, capacity 11046K, committed 11264K, reserved 1058816K
  class space    used 1418K, capacity 1509K, committed 1536K, reserved 1048576K

Card table byte_map: [0x0000000011b30000,0x0000000011d30000] byte_map_base: 0x000000001152a000

Marking Bits: (ParMarkBitMap*) 0x000000006cecc720
 Begin Bits: [0x0000000012290000, 0x0000000013260000)
 End Bits:   [0x0000000013260000, 0x0000000014230000)

Polling page: 0x0000000000c40000

CodeCache: size=245760Kb used=2483Kb max_used=2483Kb free=243276Kb
 bounds [0x0000000002770000, 0x00000000029e0000, 0x0000000011770000]
 total_blobs=1101 nmethods=645 adapters=369
 compilation: enabled

Compilation events (10 events):
Event: 4.905 Thread 0x0000000014dcf800 nmethod 606 0x00000000029cfad0 code [0x00000000029cfc20, 0x00000000029cfeb8]
Event: 4.906 Thread 0x0000000014dcf800  607       4       java.nio.channels.spi.AbstractInterruptibleChannel::end (50 bytes)
Event: 4.910 Thread 0x0000000014dd5800 nmethod 605 0x00000000029c3010 code [0x00000000029c3180, 0x00000000029c3528]
Event: 4.912 Thread 0x0000000014dcf800 nmethod 607 0x00000000029c2a10 code [0x00000000029c2b60, 0x00000000029c2e38]
Event: 4.971 Thread 0x0000000014dd5800  608   !   4       sun.nio.ch.FileChannelImpl::position (255 bytes)
Event: 4.971 Thread 0x0000000014dcf800  609   !   4       sun.nio.ch.FileChannelImpl::read (240 bytes)
Event: 5.014 Thread 0x0000000014dd5800 nmethod 608 0x00000000029d4310 code [0x00000000029d44e0, 0x00000000029d5650]
Event: 5.014 Thread 0x0000000014dd5800  610       4       sun.nio.ch.FileDispatcherImpl::read (8 bytes)
Event: 5.015 Thread 0x0000000014dd5800 nmethod 610 0x00000000029c4c50 code [0x00000000029c4da0, 0x00000000029c4e28]
Event: 5.015 Thread 0x0000000014dd5800  611   !   4       sun.nio.ch.IOUtil::read (93 bytes)

GC Heap History (0 events):
No events

Deoptimization events (5 events):
Event: 1.834 Thread 0x0000000016b26800 Uncommon trap: reason=bimorphic action=maybe_recompile pc=0x0000000002943f80 method=java.util.HashMap.putVal(ILjava/lang/Object;Ljava/lang/Object;ZZ)Ljava/lang/Object; @ 152
Event: 1.839 Thread 0x0000000016b26800 Uncommon trap: reason=bimorphic action=maybe_recompile pc=0x0000000002943f80 method=java.util.HashMap.putVal(ILjava/lang/Object;Ljava/lang/Object;ZZ)Ljava/lang/Object; @ 152
Event: 4.705 Thread 0x0000000016ae4000 Uncommon trap: reason=unstable_if action=reinterpret pc=0x0000000002943ff8 method=java.util.HashMap.putVal(ILjava/lang/Object;Ljava/lang/Object;ZZ)Ljava/lang/Object; @ 206
Event: 4.707 Thread 0x0000000016ae4000 Uncommon trap: reason=unstable_if action=reinterpret pc=0x00000000029425d8 method=java.util.HashMap.putVal(ILjava/lang/Object;Ljava/lang/Object;ZZ)Ljava/lang/Object; @ 206
Event: 4.807 Thread 0x0000000016b26800 Uncommon trap: reason=predicate action=maybe_recompile pc=0x000000000299c8e8 method=java.util.ArrayList.indexOf(Ljava/lang/Object;)I @ 44

Internal exceptions (10 events):
Event: 1.331 Thread 0x000000000266d800 Exception <a 'java/lang/ClassNotFoundException': ToolBar> (0x00000000eb297f78) thrown at [C:\re\workspace\8-2-build-windows-amd64-cygwin\jdk8u131\8869\hotspot\src\share\vm\classfile\systemDictionary.cpp, line 210]
Event: 1.331 Thread 0x000000000266d800 Exception <a 'java/lang/ClassNotFoundException': ToggleButton> (0x00000000eb298528) thrown at [C:\re\workspace\8-2-build-windows-amd64-cygwin\jdk8u131\8869\hotspot\src\share\vm\classfile\systemDictionary.cpp, line 210]
Event: 1.331 Thread 0x000000000266d800 Exception <a 'java/lang/ClassNotFoundException': javax/swing/JToolBarSeparator> (0x00000000eb298988) thrown at [C:\re\workspace\8-2-build-windows-amd64-cygwin\jdk8u131\8869\hotspot\src\share\vm\classfile\systemDictionary.cpp, line 210]
Event: 1.332 Thread 0x000000000266d800 Exception <a 'java/lang/ClassNotFoundException': ToolBarSeparator> (0x00000000eb298e20) thrown at [C:\re\workspace\8-2-build-windows-amd64-cygwin\jdk8u131\8869\hotspot\src\share\vm\classfile\systemDictionary.cpp, line 210]
Event: 1.332 Thread 0x000000000266d800 Exception <a 'java/lang/ClassNotFoundException': ToolTip> (0x00000000eb299560) thrown at [C:\re\workspace\8-2-build-windows-amd64-cygwin\jdk8u131\8869\hotspot\src\share\vm\classfile\systemDictionary.cpp, line 210]
Event: 1.336 Thread 0x000000000266d800 Exception <a 'java/lang/ClassNotFoundException': Tree> (0x00000000eb29a180) thrown at [C:\re\workspace\8-2-build-windows-amd64-cygwin\jdk8u131\8869\hotspot\src\share\vm\classfile\systemDictionary.cpp, line 210]
Event: 1.336 Thread 0x000000000266d800 Exception <a 'java/lang/ClassNotFoundException': Tree> (0x00000000eb29a8c0) thrown at [C:\re\workspace\8-2-build-windows-amd64-cygwin\jdk8u131\8869\hotspot\src\share\vm\classfile\systemDictionary.cpp, line 210]
Event: 1.336 Thread 0x000000000266d800 Exception <a 'java/lang/ClassNotFoundException': javax/swing/JTreeCell> (0x00000000eb29ac40) thrown at [C:\re\workspace\8-2-build-windows-amd64-cygwin\jdk8u131\8869\hotspot\src\share\vm\classfile\systemDictionary.cpp, line 210]
Event: 1.336 Thread 0x000000000266d800 Exception <a 'java/lang/ClassNotFoundException': TreeCell> (0x00000000eb29b0c8) thrown at [C:\re\workspace\8-2-build-windows-amd64-cygwin\jdk8u131\8869\hotspot\src\share\vm\classfile\systemDictionary.cpp, line 210]
Event: 1.338 Thread 0x000000000266d800 Exception <a 'java/lang/ClassNotFoundException': RootPane> (0x00000000eb29bb28) thrown at [C:\re\workspace\8-2-build-windows-amd64-cygwin\jdk8u131\8869\hotspot\src\share\vm\classfile\systemDictionary.cpp, line 210]

Events (10 events):
Event: 4.806 loading class sun/awt/NullComponentPeer done
Event: 4.807 Thread 0x0000000016b26800 Uncommon trap: trap_request=0xffffff86 fr.pc=0x000000000299c8e8
Event: 4.807 Thread 0x0000000016b26800 DEOPT PACKING pc=0x000000000299c8e8 sp=0x000000001803df70
Event: 4.807 Thread 0x0000000016b26800 DEOPT UNPACKING pc=0x00000000027b582a sp=0x000000001803df28 mode 2
Event: 4.841 loading class javax/swing/GroupLayout$AutoPreferredGapMatch
Event: 4.841 loading class javax/swing/GroupLayout$AutoPreferredGapMatch done
Event: 4.842 loading class sun/font/CompositeStrike
Event: 4.842 loading class sun/font/CompositeStrike done
Event: 4.850 loading class sun/font/CompositeGlyphMapper
Event: 4.851 loading class sun/font/CompositeGlyphMapper done


Dynamic libraries:
0x00007ff7a4740000 - 0x00007ff7a4777000 	C:\Program Files\Java\jre1.8.0_131\bin\javaw.exe
0x00007ffba1520000 - 0x00007ffba16cd000 	C:\WINDOWS\SYSTEM32\ntdll.dll
0x00007ffb9f990000 - 0x00007ffb9faca000 	C:\WINDOWS\system32\KERNEL32.DLL
0x00007ffb7d9b0000 - 0x00007ffb7da04000 	C:\Program Files (x86)\AVG\Av\avghooka.dll
0x00007ffb9d5c0000 - 0x00007ffb9d6d5000 	C:\WINDOWS\system32\KERNELBASE.dll
0x00007ffb9c160000 - 0x00007ffb9c1e8000 	C:\WINDOWS\system32\apphelp.dll
0x00007ffba0950000 - 0x00007ffba099f000 	C:\WINDOWS\AppPatch\AppPatch64\AcGenral.DLL
0x00007ffb9fb80000 - 0x00007ffb9fc27000 	C:\WINDOWS\system32\msvcrt.dll
0x00007ffb9d2c0000 - 0x00007ffb9d2eb000 	C:\WINDOWS\SYSTEM32\SspiCli.dll
0x00007ffb9fee0000 - 0x00007ffb9ff31000 	C:\WINDOWS\system32\SHLWAPI.dll
0x00007ffb9db10000 - 0x00007ffb9dc87000 	C:\WINDOWS\system32\USER32.dll
0x00007ffb9fd60000 - 0x00007ffb9fed8000 	C:\WINDOWS\system32\ole32.dll
0x00007ffb9e2a0000 - 0x00007ffb9f6b7000 	C:\WINDOWS\system32\SHELL32.dll
0x00007ffb9cad0000 - 0x00007ffb9caef000 	C:\WINDOWS\SYSTEM32\USERENV.dll
0x00007ffb9fad0000 - 0x00007ffb9fb7a000 	C:\WINDOWS\system32\ADVAPI32.dll
0x00007ffb93430000 - 0x00007ffb9344b000 	C:\WINDOWS\SYSTEM32\MPR.dll
0x00007ffb9e160000 - 0x00007ffb9e296000 	C:\WINDOWS\system32\RPCRT4.dll
0x00007ffb9da10000 - 0x00007ffb9da67000 	C:\WINDOWS\SYSTEM32\sechost.dll
0x00007ffb9dda0000 - 0x00007ffb9df76000 	C:\WINDOWS\SYSTEM32\combase.dll
0x00007ffb9f6c0000 - 0x00007ffb9f805000 	C:\WINDOWS\system32\GDI32.dll
0x00007ffb9d4f0000 - 0x00007ffb9d504000 	C:\WINDOWS\SYSTEM32\profapi.dll
0x00007ffb9be10000 - 0x00007ffb9beaf000 	C:\WINDOWS\SYSTEM32\SHCORE.dll
0x00007ffb9dc90000 - 0x00007ffb9dcc4000 	C:\WINDOWS\system32\IMM32.DLL
0x00007ffb9f810000 - 0x00007ffb9f962000 	C:\WINDOWS\system32\MSCTF.dll
0x00007ffb9b380000 - 0x00007ffb9b5da000 	C:\WINDOWS\WinSxS\amd64_microsoft.windows.common-controls_6595b64144ccf1df_6.0.9600.17031_none_6242a4b3ecbb55a1\COMCTL32.dll
0x000000006b0b0000 - 0x000000006b182000 	C:\Program Files\Java\jre1.8.0_131\bin\msvcr100.dll
0x000000006c6b0000 - 0x000000006cf4c000 	C:\Program Files\Java\jre1.8.0_131\bin\server\jvm.dll
0x00007ffb95d40000 - 0x00007ffb95d49000 	C:\WINDOWS\SYSTEM32\WSOCK32.dll
0x00007ffb98ad0000 - 0x00007ffb98aef000 	C:\WINDOWS\SYSTEM32\WINMM.dll
0x00007ffb96b60000 - 0x00007ffb96b6a000 	C:\WINDOWS\SYSTEM32\VERSION.dll
0x00007ffb9ff40000 - 0x00007ffb9ff47000 	C:\WINDOWS\system32\PSAPI.DLL
0x00007ffb9dce0000 - 0x00007ffb9dd3a000 	C:\WINDOWS\system32\WS2_32.dll
0x00007ffb98aa0000 - 0x00007ffb98aca000 	C:\WINDOWS\SYSTEM32\WINMMBASE.dll
0x00007ffb9f970000 - 0x00007ffb9f979000 	C:\WINDOWS\system32\NSI.dll
0x00007ffb9d6e0000 - 0x00007ffb9d72a000 	C:\WINDOWS\SYSTEM32\cfgmgr32.dll
0x00007ffb9c330000 - 0x00007ffb9c356000 	C:\WINDOWS\SYSTEM32\DEVOBJ.dll
0x000000006c6a0000 - 0x000000006c6af000 	C:\Program Files\Java\jre1.8.0_131\bin\verify.dll
0x000000006c670000 - 0x000000006c699000 	C:\Program Files\Java\jre1.8.0_131\bin\java.dll
0x000000006c650000 - 0x000000006c666000 	C:\Program Files\Java\jre1.8.0_131\bin\zip.dll
0x000000006af10000 - 0x000000006b0a8000 	C:\Program Files\Java\jre1.8.0_131\bin\awt.dll
0x00007ffba0100000 - 0x00007ffba01b7000 	C:\WINDOWS\system32\OLEAUT32.dll
0x00007ffb9c200000 - 0x00007ffb9c321000 	C:\WINDOWS\system32\uxtheme.dll
0x00007ffb9b5e0000 - 0x00007ffb9b600000 	C:\WINDOWS\system32\dwmapi.dll
0x00007ffb9c380000 - 0x00007ffb9c38a000 	C:\WINDOWS\SYSTEM32\kernel.appcore.dll
0x00007ffb9d360000 - 0x00007ffb9d36a000 	C:\WINDOWS\SYSTEM32\CRYPTBASE.dll
0x00007ffb9d2f0000 - 0x00007ffb9d353000 	C:\WINDOWS\SYSTEM32\bcryptPrimitives.dll
0x000000006aec0000 - 0x000000006af07000 	C:\Program Files\Java\jre1.8.0_131\bin\fontmanager.dll
0x00007ffb8bed0000 - 0x00007ffb8bff1000 	C:\WINDOWS\system32\opengl32.dll
0x00007ffb91e80000 - 0x00007ffb91eac000 	C:\WINDOWS\SYSTEM32\GLU32.dll
0x00007ffb86520000 - 0x00007ffb86614000 	C:\WINDOWS\SYSTEM32\DDRAW.dll
0x00007ffba0f20000 - 0x00007ffba0f29000 	C:\WINDOWS\SYSTEM32\DCIMAN32.dll
0x000000006c630000 - 0x000000006c64a000 	C:\Program Files\Java\jre1.8.0_131\bin\net.dll
0x00007ffb9cd20000 - 0x00007ffb9cd79000 	C:\WINDOWS\system32\mswsock.dll
0x000000006c610000 - 0x000000006c621000 	C:\Program Files\Java\jre1.8.0_131\bin\nio.dll
0x000000006ae70000 - 0x000000006aeb2000 	C:\Program Files\Java\jre1.8.0_131\bin\t2k.dll
0x00007ffb9fc50000 - 0x00007ffb9fcf4000 	C:\WINDOWS\SYSTEM32\clbcatq.dll
0x00007ffba0730000 - 0x00007ffba08de000 	C:\WINDOWS\SYSTEM32\WindowsCodecs.dll
0x00007ffb9cd80000 - 0x00007ffb9cd9e000 	C:\WINDOWS\SYSTEM32\CRYPTSP.dll
0x00007ffb9c9c0000 - 0x00007ffb9c9f6000 	C:\WINDOWS\system32\rsaenh.dll
0x00007ffb9cfc0000 - 0x00007ffb9cfe6000 	C:\WINDOWS\SYSTEM32\bcrypt.dll

VM Arguments:
jvm_args: -Dfile.encoding=Cp1252 
java_command: clientapp.Client1
java_class_path (initial): C:\Users\khadiza\workspace\ClientApp\bin;C:\Users\khadiza\Downloads\Compressed\javax.xml.rpc-3.1.2.2.jar;C:\Users\khadiza\Downloads\Compressed\axis-1.4.jar;C:\Users\khadiza\Downloads\Compressed\org-apache-commons-logging.jar;C:\Users\khadiza\Downloads\Compressed\commons-discovery-0.5.jar;C:\Users\khadiza\Downloads\Compressed\wsdl4j-1.5.2.jar;C:\Users\khadiza\Downloads\Compressed\javamail-mailapi-1.4.jar;C:\Users\khadiza\Downloads\Compressed\javax.activation.jar;B:\softwares\Outils_java\mysql-connector-java-5.1.38\mysql-connector-java-5.1.38-bin.jar
Launcher Type: SUN_STANDARD

Environment Variables:



---------------  S Y S T E M  ---------------

OS: Windows 8.1 , 64 bit Build 9600 (6.3.9600.17031)

CPU:total 4 (initial active 4) (2 cores per cpu, 2 threads per core) family 6 model 42 stepping 7, cmov, cx8, fxsr, mmx, sse, sse2, sse3, ssse3, sse4.1, sse4.2, popcnt, avx, aes, clmul, ht, tsc, tscinvbit

Memory: 4k page, physical 4140912k(880628k free), swap 7286640k(4468k free)

vm_info: Java HotSpot(TM) 64-Bit Server VM (25.131-b11) for windows-amd64 JRE (1.8.0_131-b11), built on Mar 15 2017 01:23:53 by "java_re" with MS VC++ 10.0 (VS2010)

time: Fri May 26 16:31:53 2017
elapsed time: 5 seconds (0d 0h 0m 5s)

