#
# There is insufficient memory for the Java Runtime Environment to continue.
# Native memory allocation (malloc) failed to allocate 32744 bytes for ChunkPool::allocate
# Possible reasons:
#   The system is out of physical RAM or swap space
#   In 32 bit mode, the process size limit was hit
# Possible solutions:
#   Reduce memory load on the system
#   Increase physical memory or swap space
#   Check if swap backing store is full
#   Use 64 bit Java on a 64 bit OS
#   Decrease Java heap size (-Xmx/-Xms)
#   Decrease number of Java threads
#   Decrease Java thread stack sizes (-Xss)
#   Set larger code cache with -XX:ReservedCodeCacheSize=
# This output file may be truncated or incomplete.
#
#  Out of Memory Error (allocation.cpp:273), pid=2548, tid=0x0000000000002a04
#
# JRE version: Java(TM) SE Runtime Environment (8.0_131-b11) (build 1.8.0_131-b11)
# Java VM: Java HotSpot(TM) 64-Bit Server VM (25.131-b11 mixed mode windows-amd64 compressed oops)
# Failed to write core dump. Minidumps are not enabled by default on client versions of Windows
#

---------------  T H R E A D  ---------------

Current thread (0x000000001487f800):  JavaThread "C1 CompilerThread2" daemon [_thread_in_native, id=10756, stack(0x00000000160c0000,0x00000000161c0000)]

Stack: [0x00000000160c0000,0x00000000161c0000]
[error occurred during error reporting (printing stack bounds), id 0xc0000005]

Native frames: (J=compiled Java code, j=interpreted, Vv=VM code, C=native code)


Current CompileTask:
C1:  22890 1138       3       java.net.URLStreamHandler::parseURL (1193 bytes)


---------------  P R O C E S S  ---------------

Java Threads: ( => current thread )
  0x000000001650a000 JavaThread "Abandoned connection cleanup thread" daemon [_thread_blocked, id=10956, stack(0x0000000018840000,0x0000000018940000)]
  0x0000000016d59000 JavaThread "TimerQueue" daemon [_thread_blocked, id=10320, stack(0x0000000018540000,0x0000000018640000)]
  0x000000000067d800 JavaThread "DestroyJavaVM" [_thread_blocked, id=9164, stack(0x0000000002010000,0x0000000002110000)]
  0x0000000016960000 JavaThread "AWT-EventQueue-0" [_thread_in_vm, id=3096, stack(0x0000000017960000,0x0000000017a60000)]
  0x00000000165b2000 JavaThread "AWT-Windows" daemon [_thread_in_native, id=7948, stack(0x00000000172d0000,0x00000000173d0000)]
  0x00000000165ae000 JavaThread "AWT-Shutdown" [_thread_blocked, id=10724, stack(0x00000000171d0000,0x00000000172d0000)]
  0x00000000165ad000 JavaThread "Java2D Disposer" daemon [_thread_blocked, id=10512, stack(0x00000000170d0000,0x00000000171d0000)]
  0x0000000016200800 JavaThread "Service Thread" daemon [_thread_blocked, id=7784, stack(0x00000000165c0000,0x00000000166c0000)]
=>0x000000001487f800 JavaThread "C1 CompilerThread2" daemon [_thread_in_native, id=10756, stack(0x00000000160c0000,0x00000000161c0000)]
  0x000000001487c800 JavaThread "C2 CompilerThread1" daemon [_thread_blocked, id=11180, stack(0x0000000015fc0000,0x00000000160c0000)]
  0x0000000014870000 JavaThread "C2 CompilerThread0" daemon [_thread_blocked, id=6728, stack(0x0000000015ec0000,0x0000000015fc0000)]
  0x000000001486d000 JavaThread "Attach Listener" daemon [_thread_blocked, id=5548, stack(0x0000000015dc0000,0x0000000015ec0000)]
  0x000000001486c000 JavaThread "Signal Dispatcher" daemon [_thread_blocked, id=10972, stack(0x0000000015cc0000,0x0000000015dc0000)]
  0x000000000220d800 JavaThread "Finalizer" daemon [_thread_blocked, id=2908, stack(0x0000000015ac0000,0x0000000015bc0000)]
  0x0000000002202800 JavaThread "Reference Handler" daemon [_thread_blocked, id=9660, stack(0x00000000159c0000,0x0000000015ac0000)]

Other Threads:
  0x0000000014836800 VMThread [stack: 0x00000000158c0000,0x00000000159c0000] [id=2264]
  0x0000000016213000 WatcherThread [stack: 0x00000000167d0000,0x00000000168d0000] [id=10584]

VM state:not at safepoint (normal execution)

VM Mutex/Monitor currently owned by a thread: None

Heap:
 PSYoungGen      total 18944K, used 7356K [0x00000000eaf00000, 0x00000000ec400000, 0x0000000100000000)
  eden space 16384K, 29% used [0x00000000eaf00000,0x00000000eb3b59a8,0x00000000ebf00000)
  from space 2560K, 98% used [0x00000000ebf00000,0x00000000ec1796b8,0x00000000ec180000)
  to   space 2560K, 0% used [0x00000000ec180000,0x00000000ec180000,0x00000000ec400000)
 ParOldGen       total 44032K, used 1191K [0x00000000c0c00000, 0x00000000c3700000, 0x00000000eaf00000)
  object space 44032K, 2% used [0x00000000c0c00000,0x00000000c0d29c88,0x00000000c3700000)
 Metaspace       used 14990K, capacity 15188K, committed 15360K, reserved 1062912K
  class space    used 1858K, capacity 1927K, committed 2048K, reserved 1048576K

Card table byte_map: [0x00000000115d0000,0x00000000117d0000] byte_map_base: 0x0000000010fca000

Marking Bits: (ParMarkBitMap*) 0x000000006cecc720
 Begin Bits: [0x0000000011d30000, 0x0000000012d00000)
 End Bits:   [0x0000000012d00000, 0x0000000013cd0000)

Polling page: 0x0000000000660000

CodeCache: size=245760Kb used=3810Kb max_used=3810Kb free=241949Kb
 bounds [0x0000000002210000, 0x00000000025d0000, 0x0000000011210000]
 total_blobs=1694 nmethods=1137 adapters=470
 compilation: enabled

Compilation events (10 events):
Event: 22.853 Thread 0x000000001487f800 nmethod 1133 0x00000000025c7cd0 code [0x00000000025c7e80, 0x00000000025c8418]
Event: 22.853 Thread 0x000000001487f800 1134       1       com.mysql.jdbc.MysqlIO::getServerMajorVersion (5 bytes)
Event: 22.854 Thread 0x000000001487f800 nmethod 1134 0x00000000025c85d0 code [0x00000000025c8720, 0x00000000025c8830]
Event: 22.855 Thread 0x000000001487f800 1135       1       com.mysql.jdbc.Buffer::getPosition (5 bytes)
Event: 22.855 Thread 0x000000001487f800 nmethod 1135 0x00000000025c8890 code [0x00000000025c89e0, 0x00000000025c8af0]
Event: 22.856 Thread 0x000000001487f800 1136       3       java.util.WeakHashMap::remove (133 bytes)
Event: 22.859 Thread 0x000000001487f800 nmethod 1136 0x00000000025c8b50 code [0x00000000025c8d40, 0x00000000025c9808]
Event: 22.860 Thread 0x000000001487f800 1137       3       sun.net.www.protocol.file.Handler::parseURL (18 bytes)
Event: 22.862 Thread 0x000000001487f800 nmethod 1137 0x00000000025c9c90 code [0x00000000025c9e00, 0x00000000025ca078]
Event: 22.862 Thread 0x000000001487f800 1138       3       java.net.URLStreamHandler::parseURL (1193 bytes)

GC Heap History (2 events):
Event: 21.523 GC heap before
{Heap before GC invocations=1 (full 0):
 PSYoungGen      total 18944K, used 16384K [0x00000000eaf00000, 0x00000000ec400000, 0x0000000100000000)
  eden space 16384K, 100% used [0x00000000eaf00000,0x00000000ebf00000,0x00000000ebf00000)
  from space 2560K, 0% used [0x00000000ec180000,0x00000000ec180000,0x00000000ec400000)
  to   space 2560K, 0% used [0x00000000ebf00000,0x00000000ebf00000,0x00000000ec180000)
 ParOldGen       total 44032K, used 0K [0x00000000c0c00000, 0x00000000c3700000, 0x00000000eaf00000)
  object space 44032K, 0% used [0x00000000c0c00000,0x00000000c0c00000,0x00000000c3700000)
 Metaspace       used 13272K, capacity 13454K, committed 13568K, reserved 1060864K
  class space    used 1673K, capacity 1733K, committed 1792K, reserved 1048576K
Event: 21.540 GC heap after
Heap after GC invocations=1 (full 0):
 PSYoungGen      total 18944K, used 2533K [0x00000000eaf00000, 0x00000000ec400000, 0x0000000100000000)
  eden space 16384K, 0% used [0x00000000eaf00000,0x00000000eaf00000,0x00000000ebf00000)
  from space 2560K, 98% used [0x00000000ebf00000,0x00000000ec1796b8,0x00000000ec180000)
  to   space 2560K, 0% used [0x00000000ec180000,0x00000000ec180000,0x00000000ec400000)
 ParOldGen       total 44032K, used 1191K [0x00000000c0c00000, 0x00000000c3700000, 0x00000000eaf00000)
  object space 44032K, 2% used [0x00000000c0c00000,0x00000000c0d29c88,0x00000000c3700000)
 Metaspace       used 13272K, capacity 13454K, committed 13568K, reserved 1060864K
  class space    used 1673K, capacity 1733K, committed 1792K, reserved 1048576K
}

Deoptimization events (10 events):
Event: 13.714 Thread 0x00000000165b2000 Uncommon trap: reason=unstable_if action=reinterpret pc=0x00000000023ed4f8 method=java.util.HashMap.putVal(ILjava/lang/Object;Ljava/lang/Object;ZZ)Ljava/lang/Object; @ 206
Event: 13.717 Thread 0x00000000165b2000 Uncommon trap: reason=unstable_if action=reinterpret pc=0x00000000023e8098 method=java.util.HashMap.putVal(ILjava/lang/Object;Ljava/lang/Object;ZZ)Ljava/lang/Object; @ 206
Event: 13.818 Thread 0x0000000016960000 Uncommon trap: reason=predicate action=maybe_recompile pc=0x000000000243d5e8 method=java.util.ArrayList.indexOf(Ljava/lang/Object;)I @ 44
Event: 14.485 Thread 0x0000000016960000 Uncommon trap: reason=unstable_if action=reinterpret pc=0x00000000024b5adc method=java.awt.MultipleGradientPaintContext.indexIntoGradientsArrays(F)I @ 13
Event: 17.594 Thread 0x0000000016960000 Uncommon trap: reason=class_check action=maybe_recompile pc=0x0000000002386ee8 method=java.lang.String.equals(Ljava/lang/Object;)Z @ 8
Event: 17.594 Thread 0x0000000016960000 Uncommon trap: reason=class_check action=maybe_recompile pc=0x0000000002386ee8 method=java.lang.String.equals(Ljava/lang/Object;)Z @ 8
Event: 17.764 Thread 0x0000000016960000 Uncommon trap: reason=class_check action=maybe_recompile pc=0x0000000002386ee8 method=java.lang.String.equals(Ljava/lang/Object;)Z @ 8
Event: 17.764 Thread 0x0000000016960000 Uncommon trap: reason=class_check action=maybe_recompile pc=0x0000000002386ee8 method=java.lang.String.equals(Ljava/lang/Object;)Z @ 8
Event: 21.125 Thread 0x0000000016960000 Uncommon trap: reason=unstable_if action=reinterpret pc=0x00000000023e68ac method=java.lang.String.<init>([CII)V @ 18
Event: 21.947 Thread 0x0000000016960000 Uncommon trap: reason=unstable_if action=reinterpret pc=0x000000000245a910 method=java.lang.ThreadLocal$ThreadLocalMap.getEntry(Ljava/lang/ThreadLocal;)Ljava/lang/ThreadLocal$ThreadLocalMap$Entry; @ 21

Internal exceptions (10 events):
Event: 1.048 Thread 0x000000000067d800 Exception <a 'java/lang/ClassNotFoundException': ToggleButton> (0x00000000eb2984b0) thrown at [C:\re\workspace\8-2-build-windows-amd64-cygwin\jdk8u131\8869\hotspot\src\share\vm\classfile\systemDictionary.cpp, line 210]
Event: 1.048 Thread 0x000000000067d800 Exception <a 'java/lang/ClassNotFoundException': javax/swing/JToolBarSeparator> (0x00000000eb298910) thrown at [C:\re\workspace\8-2-build-windows-amd64-cygwin\jdk8u131\8869\hotspot\src\share\vm\classfile\systemDictionary.cpp, line 210]
Event: 1.048 Thread 0x000000000067d800 Exception <a 'java/lang/ClassNotFoundException': ToolBarSeparator> (0x00000000eb298da8) thrown at [C:\re\workspace\8-2-build-windows-amd64-cygwin\jdk8u131\8869\hotspot\src\share\vm\classfile\systemDictionary.cpp, line 210]
Event: 1.048 Thread 0x000000000067d800 Exception <a 'java/lang/ClassNotFoundException': ToolTip> (0x00000000eb2994e8) thrown at [C:\re\workspace\8-2-build-windows-amd64-cygwin\jdk8u131\8869\hotspot\src\share\vm\classfile\systemDictionary.cpp, line 210]
Event: 1.051 Thread 0x000000000067d800 Exception <a 'java/lang/ClassNotFoundException': Tree> (0x00000000eb29a108) thrown at [C:\re\workspace\8-2-build-windows-amd64-cygwin\jdk8u131\8869\hotspot\src\share\vm\classfile\systemDictionary.cpp, line 210]
Event: 1.051 Thread 0x000000000067d800 Exception <a 'java/lang/ClassNotFoundException': Tree> (0x00000000eb29a848) thrown at [C:\re\workspace\8-2-build-windows-amd64-cygwin\jdk8u131\8869\hotspot\src\share\vm\classfile\systemDictionary.cpp, line 210]
Event: 1.051 Thread 0x000000000067d800 Exception <a 'java/lang/ClassNotFoundException': javax/swing/JTreeCell> (0x00000000eb29abc8) thrown at [C:\re\workspace\8-2-build-windows-amd64-cygwin\jdk8u131\8869\hotspot\src\share\vm\classfile\systemDictionary.cpp, line 210]
Event: 1.051 Thread 0x000000000067d800 Exception <a 'java/lang/ClassNotFoundException': TreeCell> (0x00000000eb29b050) thrown at [C:\re\workspace\8-2-build-windows-amd64-cygwin\jdk8u131\8869\hotspot\src\share\vm\classfile\systemDictionary.cpp, line 210]
Event: 1.053 Thread 0x000000000067d800 Exception <a 'java/lang/ClassNotFoundException': RootPane> (0x00000000eb29bab0) thrown at [C:\re\workspace\8-2-build-windows-amd64-cygwin\jdk8u131\8869\hotspot\src\share\vm\classfile\systemDictionary.cpp, line 210]
Event: 21.947 Thread 0x0000000016960000 Implicit null exception at 0x000000000245a87b to 0x000000000245a8f1

Events (10 events):
Event: 22.868 loading class java/util/Collections$UnmodifiableMap$UnmodifiableEntrySet$1
Event: 22.868 loading class java/util/Collections$UnmodifiableMap$UnmodifiableEntrySet$1 done
Event: 22.869 loading class java/util/Collections$UnmodifiableMap$UnmodifiableEntrySet$UnmodifiableEntry
Event: 22.869 loading class java/util/Collections$UnmodifiableMap$UnmodifiableEntrySet$UnmodifiableEntry done
Event: 22.872 loading class javax/xml/rpc/ServiceException
Event: 22.872 loading class javax/xml/rpc/ServiceException done
Event: 22.874 loading class javax/xml/rpc/Call
Event: 22.874 loading class javax/xml/rpc/Call done
Event: 22.877 loading class javax/xml/rpc/encoding/TypeMappingRegistry
Event: 22.877 loading class javax/xml/rpc/encoding/TypeMappingRegistry done


Dynamic libraries:
0x00007ff7a4740000 - 0x00007ff7a4777000 	C:\Program Files\Java\jre1.8.0_131\bin\javaw.exe
0x00007ffba1520000 - 0x00007ffba16cd000 	C:\WINDOWS\SYSTEM32\ntdll.dll
0x00007ffb9f990000 - 0x00007ffb9faca000 	C:\WINDOWS\system32\KERNEL32.DLL
0x00007ffb7d9b0000 - 0x00007ffb7da04000 	C:\Program Files (x86)\AVG\Av\avghooka.dll
0x00007ffb9d5c0000 - 0x00007ffb9d6d5000 	C:\WINDOWS\system32\KERNELBASE.dll
0x00007ffb9c160000 - 0x00007ffb9c1e8000 	C:\WINDOWS\system32\apphelp.dll
0x00007ffba0950000 - 0x00007ffba099f000 	C:\WINDOWS\AppPatch\AppPatch64\AcGenral.DLL
0x00007ffb9fb80000 - 0x00007ffb9fc27000 	C:\WINDOWS\system32\msvcrt.dll
0x00007ffb9d2c0000 - 0x00007ffb9d2eb000 	C:\WINDOWS\SYSTEM32\SspiCli.dll
0x00007ffb9fee0000 - 0x00007ffb9ff31000 	C:\WINDOWS\system32\SHLWAPI.dll
0x00007ffb9db10000 - 0x00007ffb9dc87000 	C:\WINDOWS\system32\USER32.dll
0x00007ffb9fd60000 - 0x00007ffb9fed8000 	C:\WINDOWS\system32\ole32.dll
0x00007ffb9e2a0000 - 0x00007ffb9f6b7000 	C:\WINDOWS\system32\SHELL32.dll
0x00007ffb9cad0000 - 0x00007ffb9caef000 	C:\WINDOWS\SYSTEM32\USERENV.dll
0x00007ffb9fad0000 - 0x00007ffb9fb7a000 	C:\WINDOWS\system32\ADVAPI32.dll
0x00007ffb93430000 - 0x00007ffb9344b000 	C:\WINDOWS\SYSTEM32\MPR.dll
0x00007ffb9e160000 - 0x00007ffb9e296000 	C:\WINDOWS\system32\RPCRT4.dll
0x00007ffb9da10000 - 0x00007ffb9da67000 	C:\WINDOWS\SYSTEM32\sechost.dll
0x00007ffb9dda0000 - 0x00007ffb9df76000 	C:\WINDOWS\SYSTEM32\combase.dll
0x00007ffb9f6c0000 - 0x00007ffb9f805000 	C:\WINDOWS\system32\GDI32.dll
0x00007ffb9d4f0000 - 0x00007ffb9d504000 	C:\WINDOWS\SYSTEM32\profapi.dll
0x00007ffb9be10000 - 0x00007ffb9beaf000 	C:\WINDOWS\SYSTEM32\SHCORE.dll
0x00007ffb9dc90000 - 0x00007ffb9dcc4000 	C:\WINDOWS\system32\IMM32.DLL
0x00007ffb9f810000 - 0x00007ffb9f962000 	C:\WINDOWS\system32\MSCTF.dll
0x00007ffb9b380000 - 0x00007ffb9b5da000 	C:\WINDOWS\WinSxS\amd64_microsoft.windows.common-controls_6595b64144ccf1df_6.0.9600.17031_none_6242a4b3ecbb55a1\COMCTL32.dll
0x000000006b0b0000 - 0x000000006b182000 	C:\Program Files\Java\jre1.8.0_131\bin\msvcr100.dll
0x000000006c6b0000 - 0x000000006cf4c000 	C:\Program Files\Java\jre1.8.0_131\bin\server\jvm.dll
0x00007ffb95d40000 - 0x00007ffb95d49000 	C:\WINDOWS\SYSTEM32\WSOCK32.dll
0x00007ffb98ad0000 - 0x00007ffb98aef000 	C:\WINDOWS\SYSTEM32\WINMM.dll
0x00007ffb96b60000 - 0x00007ffb96b6a000 	C:\WINDOWS\SYSTEM32\VERSION.dll
0x00007ffb9ff40000 - 0x00007ffb9ff47000 	C:\WINDOWS\system32\PSAPI.DLL
0x00007ffb9dce0000 - 0x00007ffb9dd3a000 	C:\WINDOWS\system32\WS2_32.dll
0x00007ffb98aa0000 - 0x00007ffb98aca000 	C:\WINDOWS\SYSTEM32\WINMMBASE.dll
0x00007ffb9f970000 - 0x00007ffb9f979000 	C:\WINDOWS\system32\NSI.dll
0x00007ffb9d6e0000 - 0x00007ffb9d72a000 	C:\WINDOWS\SYSTEM32\cfgmgr32.dll
0x00007ffb9c330000 - 0x00007ffb9c356000 	C:\WINDOWS\SYSTEM32\DEVOBJ.dll
0x000000006c6a0000 - 0x000000006c6af000 	C:\Program Files\Java\jre1.8.0_131\bin\verify.dll
0x000000006c670000 - 0x000000006c699000 	C:\Program Files\Java\jre1.8.0_131\bin\java.dll
0x000000006c650000 - 0x000000006c666000 	C:\Program Files\Java\jre1.8.0_131\bin\zip.dll
0x000000006af10000 - 0x000000006b0a8000 	C:\Program Files\Java\jre1.8.0_131\bin\awt.dll
0x00007ffba0100000 - 0x00007ffba01b7000 	C:\WINDOWS\system32\OLEAUT32.dll
0x00007ffb9c200000 - 0x00007ffb9c321000 	C:\WINDOWS\system32\uxtheme.dll
0x00007ffb9b5e0000 - 0x00007ffb9b600000 	C:\WINDOWS\system32\dwmapi.dll
0x00007ffb9c380000 - 0x00007ffb9c38a000 	C:\WINDOWS\SYSTEM32\kernel.appcore.dll
0x00007ffb9d360000 - 0x00007ffb9d36a000 	C:\WINDOWS\SYSTEM32\CRYPTBASE.dll
0x00007ffb9d2f0000 - 0x00007ffb9d353000 	C:\WINDOWS\SYSTEM32\bcryptPrimitives.dll
0x000000006aec0000 - 0x000000006af07000 	C:\Program Files\Java\jre1.8.0_131\bin\fontmanager.dll
0x00007ffb8bed0000 - 0x00007ffb8bff1000 	C:\WINDOWS\system32\opengl32.dll
0x00007ffb91e80000 - 0x00007ffb91eac000 	C:\WINDOWS\SYSTEM32\GLU32.dll
0x00007ffb86520000 - 0x00007ffb86614000 	C:\WINDOWS\SYSTEM32\DDRAW.dll
0x00007ffba0f20000 - 0x00007ffba0f29000 	C:\WINDOWS\SYSTEM32\DCIMAN32.dll
0x000000006c630000 - 0x000000006c64a000 	C:\Program Files\Java\jre1.8.0_131\bin\net.dll
0x00007ffb9cd20000 - 0x00007ffb9cd79000 	C:\WINDOWS\system32\mswsock.dll
0x000000006c610000 - 0x000000006c621000 	C:\Program Files\Java\jre1.8.0_131\bin\nio.dll
0x000000006ae70000 - 0x000000006aeb2000 	C:\Program Files\Java\jre1.8.0_131\bin\t2k.dll
0x00007ffb9fc50000 - 0x00007ffb9fcf4000 	C:\WINDOWS\SYSTEM32\clbcatq.dll
0x00007ffba0730000 - 0x00007ffba08de000 	C:\WINDOWS\SYSTEM32\WindowsCodecs.dll
0x00007ffb9cd80000 - 0x00007ffb9cd9e000 	C:\WINDOWS\SYSTEM32\CRYPTSP.dll
0x00007ffb9c9c0000 - 0x00007ffb9c9f6000 	C:\WINDOWS\system32\rsaenh.dll
0x00007ffb9cfc0000 - 0x00007ffb9cfe6000 	C:\WINDOWS\SYSTEM32\bcrypt.dll
0x000000006ae40000 - 0x000000006ae6a000 	C:\Program Files\Java\jre1.8.0_131\bin\dcpr.dll
0x00007ffb9cb30000 - 0x00007ffb9cbd3000 	C:\WINDOWS\SYSTEM32\DNSAPI.dll
0x000000006e9e0000 - 0x000000006ea06000 	C:\Program Files\Bonjour\mdnsNSP.dll
0x00007ffb984c0000 - 0x00007ffb984e9000 	C:\WINDOWS\SYSTEM32\Iphlpapi.DLL
0x00007ffb98680000 - 0x00007ffb9868a000 	C:\WINDOWS\SYSTEM32\WINNSI.DLL
0x00007ffb92e10000 - 0x00007ffb92e19000 	C:\Windows\System32\rasadhlp.dll
0x00007ffb98530000 - 0x00007ffb9859b000 	C:\WINDOWS\System32\fwpuclnt.dll

VM Arguments:
jvm_args: -Dfile.encoding=Cp1252 
java_command: clientapp.Client1
java_class_path (initial): C:\Users\khadiza\workspace\ClientApp\bin;C:\Users\khadiza\Downloads\Compressed\javax.xml.rpc-3.1.2.2.jar;C:\Users\khadiza\Downloads\Compressed\axis-1.4.jar;C:\Users\khadiza\Downloads\Compressed\org-apache-commons-logging.jar;C:\Users\khadiza\Downloads\Compressed\commons-discovery-0.5.jar;C:\Users\khadiza\Downloads\Compressed\wsdl4j-1.5.2.jar;C:\Users\khadiza\Downloads\Compressed\javamail-mailapi-1.4.jar;C:\Users\khadiza\Downloads\Compressed\javax.activation.jar;B:\softwares\Outils_java\mysql-connector-java-5.1.38\mysql-connector-java-5.1.38-bin.jar
Launcher Type: SUN_STANDARD

Environment Variables:
JAVA_HOME=C:\Program Files\Java\jdk1.8.0_66
CLASSPATH=.;B:\Red area(x64)\AxisLib\activation.jar;B:\Red area(x64)\AxisLib\axis.jar;B:\Red area(x64)\AxisLib\axis-ant.jar;B:\Red area(x64)\AxisLib\axis-schema.jar;B:\Red area(x64)\AxisLib\commons-discovery-0.2.jar;B:\Red area(x64)\AxisLib\commons-logging-1.0.4.jar;B:\Red area(x64)\AxisLib\jaxrpc.jar;B:\Red area(x64)\AxisLib\log4j-1.2.8.jar;B:\Red area(x64)\AxisLib\mail.jar;B:\Red area(x64)\AxisLib\saaj.jar;B:\Red area(x64)\AxisLib\wsdl4j-1.5.1.jar;B:\Red area(x64)\AxisLib\xerces.jar;
PATH=C:/Program Files/Java/jre1.8.0_131/bin/server;C:/Program Files/Java/jre1.8.0_131/bin;C:/Program Files/Java/jre1.8.0_131/lib/amd64;C:\ProgramData\Oracle\Java\javapath;c:\Program Files (x86)\AMD APP\bin\x86_64;c:\Program Files (x86)\AMD APP\bin\x86;C:\WINDOWS\system32;C:\WINDOWS;C:\WINDOWS\System32\Wbem;C:\WINDOWS\System32\WindowsPowerShell\v1.0\;C:\Program Files\Java\jdk1.8.0_66\bin;C:\Program Files\Java\jre1.8.0_66\bin;B:\Red area(x64)\apache-tomcat-9.0.0.M17\bin;B:\Red area(x64)\maven\apache-maven-3.5.0\bin;B:\Red area(x64)\wildfly-10.1.0.Final\bin;C:\Program Files (x86)\Intel\OpenCL SDK\2.0\bin\x86;C:\Program Files (x86)\Intel\OpenCL SDK\2.0\bin\x64;C:\Program Files\Java\jdk1.8.0_66\bin;C:\WINDOWS\System32;
USERNAME=Chris
OS=Windows_NT
PROCESSOR_IDENTIFIER=Intel64 Family 6 Model 42 Stepping 7, GenuineIntel



---------------  S Y S T E M  ---------------

OS: Windows 8.1 , 64 bit Build 9600 (6.3.9600.17031)

CPU:total 4 (initial active 4) (2 cores per cpu, 2 threads per core) family 6 model 42 stepping 7, cmov, cx8, fxsr, mmx, sse, sse2, sse3, ssse3, sse4.1, sse4.2, popcnt, avx, aes, clmul, ht, tsc, tscinvbit

Memory: 4k page, physical 4140912k(859816k free), swap 7286640k(4660k free)

vm_info: Java HotSpot(TM) 64-Bit Server VM (25.131-b11) for windows-amd64 JRE (1.8.0_131-b11), built on Mar 15 2017 01:23:53 by "java_re" with MS VC++ 10.0 (VS2010)

time: Fri May 26 16:32:45 2017
elapsed time: 22 seconds (0d 0h 0m 22s)

