#
# There is insufficient memory for the Java Runtime Environment to continue.
# Native memory allocation (malloc) failed to allocate 4088 bytes for AllocateHeap
# Possible reasons:
#   The system is out of physical RAM or swap space
#   In 32 bit mode, the process size limit was hit
# Possible solutions:
#   Reduce memory load on the system
#   Increase physical memory or swap space
#   Check if swap backing store is full
#   Use 64 bit Java on a 64 bit OS
#   Decrease Java heap size (-Xmx/-Xms)
#   Decrease number of Java threads
#   Decrease Java thread stack sizes (-Xss)
#   Set larger code cache with -XX:ReservedCodeCacheSize=
# This output file may be truncated or incomplete.
#
#  Out of Memory Error (memory/allocation.inline.hpp:61), pid=8336, tid=0x00000000000018ac
#
# JRE version: Java(TM) SE Runtime Environment (8.0_131-b11) (build 1.8.0_131-b11)
# Java VM: Java HotSpot(TM) 64-Bit Server VM (25.131-b11 mixed mode windows-amd64 compressed oops)
# Failed to write core dump. Minidumps are not enabled by default on client versions of Windows
#

---------------  T H R E A D  ---------------

Current thread (0x000000000219a000):  GCTaskThread [stack: 0x0000000011ba0000,0x0000000011ca0000] [id=6316]

Stack: [0x0000000011ba0000,0x0000000011ca0000]
[error occurred during error reporting (printing stack bounds), id 0xc0000005]

Native frames: (J=compiled Java code, j=interpreted, Vv=VM code, C=native code)


---------------  P R O C E S S  ---------------

Java Threads: ( => current thread )
  0x0000000016abf000 JavaThread "Abandoned connection cleanup thread" daemon [_thread_blocked, id=8860, stack(0x00000000188f0000,0x00000000189f0000)]
  0x0000000016e59000 JavaThread "TimerQueue" daemon [_thread_blocked, id=6860, stack(0x00000000185f0000,0x00000000186f0000)]
  0x000000000089d800 JavaThread "DestroyJavaVM" [_thread_blocked, id=8936, stack(0x0000000002080000,0x0000000002180000)]
  0x0000000016610000 JavaThread "AWT-EventQueue-0" [_thread_blocked, id=1608, stack(0x0000000017a10000,0x0000000017b10000)]
  0x000000001660f800 JavaThread "AWT-Shutdown" [_thread_blocked, id=2784, stack(0x0000000017240000,0x0000000017340000)]
  0x00000000165ff000 JavaThread "AWT-Windows" daemon [_thread_in_native, id=5284, stack(0x0000000017340000,0x0000000017440000)]
  0x00000000165fb000 JavaThread "Java2D Disposer" daemon [_thread_blocked, id=5168, stack(0x0000000017140000,0x0000000017240000)]
  0x0000000016268800 JavaThread "Service Thread" daemon [_thread_blocked, id=2920, stack(0x0000000016630000,0x0000000016730000)]
  0x00000000148ea800 JavaThread "C1 CompilerThread2" daemon [_thread_blocked, id=8876, stack(0x0000000016130000,0x0000000016230000)]
  0x00000000148e5800 JavaThread "C2 CompilerThread1" daemon [_thread_blocked, id=4044, stack(0x0000000016030000,0x0000000016130000)]
  0x00000000148df800 JavaThread "C2 CompilerThread0" daemon [_thread_blocked, id=8176, stack(0x0000000015f30000,0x0000000016030000)]
  0x00000000148dc000 JavaThread "Attach Listener" daemon [_thread_blocked, id=2036, stack(0x0000000015e30000,0x0000000015f30000)]
  0x00000000148db000 JavaThread "Signal Dispatcher" daemon [_thread_blocked, id=992, stack(0x0000000015d30000,0x0000000015e30000)]
  0x000000000227a800 JavaThread "Finalizer" daemon [_thread_blocked, id=8824, stack(0x0000000015b30000,0x0000000015c30000)]
  0x00000000148a9000 JavaThread "Reference Handler" daemon [_thread_blocked, id=8404, stack(0x0000000015a30000,0x0000000015b30000)]

Other Threads:
  0x00000000148a7000 VMThread [stack: 0x0000000015930000,0x0000000015a30000] [id=9128]
  0x000000001627b800 WatcherThread [stack: 0x0000000016840000,0x0000000016940000] [id=2164]

=>0x000000000219a000 (exited) GCTaskThread [stack: 0x0000000011ba0000,0x0000000011ca0000] [id=6316]

VM state:at safepoint (normal execution)

VM Mutex/Monitor currently owned by a thread:  ([mutex/lock_event])
[0x000000000089cd00] Threads_lock - owner thread: 0x00000000148a7000
[0x000000000089d100] Heap_lock - owner thread: 0x0000000016610000

Heap:
 PSYoungGen      total 18944K, used 7346K [0x00000000eaf00000, 0x00000000ed100000, 0x0000000100000000)
  eden space 16384K, 43% used [0x00000000eaf00000,0x00000000eb5f4808,0x00000000ebf00000)
  from space 2560K, 8% used [0x00000000ec180000,0x00000000ec1b8000,0x00000000ec400000)
  to   space 2560K, 1% used [0x00000000ebf00000,0x00000000ebf08000,0x00000000ec180000)
 ParOldGen       total 556544K, used 544580K [0x00000000c0c00000, 0x00000000e2b80000, 0x00000000eaf00000)
  object space 556544K, 97% used [0x00000000c0c00000,0x00000000e1fd1230,0x00000000e2b80000)
 Metaspace       used 20914K, capacity 21174K, committed 21424K, reserved 1069056K
  class space    used 2609K, capacity 2701K, committed 2816K, reserved 1048576K

Card table byte_map: [0x0000000011640000,0x0000000011840000] byte_map_base: 0x000000001103a000

Marking Bits: (ParMarkBitMap*) 0x000000006cecc720
 Begin Bits: [0x0000000011da0000, 0x0000000012d70000)
 End Bits:   [0x0000000012d70000, 0x0000000013d40000)

Polling page: 0x00000000007f0000

CodeCache: size=245760Kb used=5017Kb max_used=5030Kb free=240742Kb
 bounds [0x0000000002280000, 0x0000000002770000, 0x0000000011280000]
 total_blobs=2156 nmethods=1563 adapters=505
 compilation: enabled

Compilation events (10 events):
Event: 23.721 Thread 0x00000000148e5800 1569       4       java.util.ArrayList::add (54 bytes)
Event: 23.721 Thread 0x00000000148ea800 nmethod 1568 0x0000000002765390 code [0x00000000027655a0, 0x00000000027660b8]
Event: 23.727 Thread 0x00000000148df800 nmethod 1566 0x0000000002764d90 code [0x0000000002764ee0, 0x0000000002765168]
Event: 23.738 Thread 0x00000000148e5800 nmethod 1569 0x00000000027643d0 code [0x0000000002764540, 0x0000000002764988]
Event: 23.741 Thread 0x00000000148ea800 1570 % !   3       clientapp.ClientGUI2::UtilisateursConnectes @ 25 (75 bytes)
Event: 23.744 Thread 0x00000000148ea800 nmethod 1570% 0x000000000276b110 code [0x000000000276b320, 0x000000000276be98]
Event: 23.744 Thread 0x00000000148ea800 1571   !   3       clientapp.ClientGUI2::UtilisateursConnectes (75 bytes)
Event: 23.746 Thread 0x00000000148ea800 nmethod 1571 0x0000000002769f90 code [0x000000000276a1a0, 0x000000000276abf8]
Event: 23.748 Thread 0x00000000148df800 1572 % !   4       clientapp.ClientGUI2::UtilisateursConnectes @ 25 (75 bytes)
Event: 23.776 Thread 0x00000000148df800 nmethod 1572% 0x0000000002767c50 code [0x0000000002767de0, 0x0000000002768488]

GC Heap History (10 events):
Event: 17.251 GC heap after
Heap after GC invocations=1 (full 0):
 PSYoungGen      total 18944K, used 2549K [0x00000000eaf00000, 0x00000000ec400000, 0x0000000100000000)
  eden space 16384K, 0% used [0x00000000eaf00000,0x00000000eaf00000,0x00000000ebf00000)
  from space 2560K, 99% used [0x00000000ebf00000,0x00000000ec17d6c8,0x00000000ec180000)
  to   space 2560K, 0% used [0x00000000ec180000,0x00000000ec180000,0x00000000ec400000)
 ParOldGen       total 44032K, used 1099K [0x00000000c0c00000, 0x00000000c3700000, 0x00000000eaf00000)
  object space 44032K, 2% used [0x00000000c0c00000,0x00000000c0d12c48,0x00000000c3700000)
 Metaspace       used 13157K, capacity 13330K, committed 13568K, reserved 1060864K
  class space    used 1647K, capacity 1733K, committed 1792K, reserved 1048576K
}
Event: 22.190 GC heap before
{Heap before GC invocations=2 (full 0):
 PSYoungGen      total 18944K, used 18933K [0x00000000eaf00000, 0x00000000ec400000, 0x0000000100000000)
  eden space 16384K, 100% used [0x00000000eaf00000,0x00000000ebf00000,0x00000000ebf00000)
  from space 2560K, 99% used [0x00000000ebf00000,0x00000000ec17d6c8,0x00000000ec180000)
  to   space 2560K, 0% used [0x00000000ec180000,0x00000000ec180000,0x00000000ec400000)
 ParOldGen       total 44032K, used 1099K [0x00000000c0c00000, 0x00000000c3700000, 0x00000000eaf00000)
  object space 44032K, 2% used [0x00000000c0c00000,0x00000000c0d12c48,0x00000000c3700000)
 Metaspace       used 20018K, capacity 20298K, committed 20480K, reserved 1067008K
  class space    used 2475K, capacity 2539K, committed 2560K, reserved 1048576K
Event: 22.223 GC heap after
Heap after GC invocations=2 (full 0):
 PSYoungGen      total 18944K, used 2544K [0x00000000eaf00000, 0x00000000ec400000, 0x0000000100000000)
  eden space 16384K, 0% used [0x00000000eaf00000,0x00000000eaf00000,0x00000000ebf00000)
  from space 2560K, 99% used [0x00000000ec180000,0x00000000ec3fc010,0x00000000ec400000)
  to   space 2560K, 0% used [0x00000000ebf00000,0x00000000ebf00000,0x00000000ec180000)
 ParOldGen       total 44032K, used 6350K [0x00000000c0c00000, 0x00000000c3700000, 0x00000000eaf00000)
  object space 44032K, 14% used [0x00000000c0c00000,0x00000000c1233b68,0x00000000c3700000)
 Metaspace       used 20018K, capacity 20298K, committed 20480K, reserved 1067008K
  class space    used 2475K, capacity 2539K, committed 2560K, reserved 1048576K
}
Event: 23.291 GC heap before
{Heap before GC invocations=3 (full 0):
 PSYoungGen      total 18944K, used 5476K [0x00000000eaf00000, 0x00000000ec400000, 0x0000000100000000)
  eden space 16384K, 17% used [0x00000000eaf00000,0x00000000eb1dd280,0x00000000ebf00000)
  from space 2560K, 99% used [0x00000000ec180000,0x00000000ec3fc010,0x00000000ec400000)
  to   space 2560K, 0% used [0x00000000ebf00000,0x00000000ebf00000,0x00000000ec180000)
 ParOldGen       total 44032K, used 6350K [0x00000000c0c00000, 0x00000000c3700000, 0x00000000eaf00000)
  object space 44032K, 14% used [0x00000000c0c00000,0x00000000c1233b68,0x00000000c3700000)
 Metaspace       used 20876K, capacity 21142K, committed 21296K, reserved 1069056K
  class space    used 2595K, capacity 2669K, committed 2688K, reserved 1048576K
Event: 23.307 GC heap after
Heap after GC invocations=3 (full 0):
 PSYoungGen      total 18944K, used 2528K [0x00000000eaf00000, 0x00000000ec400000, 0x0000000100000000)
  eden space 16384K, 0% used [0x00000000eaf00000,0x00000000eaf00000,0x00000000ebf00000)
  from space 2560K, 98% used [0x00000000ebf00000,0x00000000ec178060,0x00000000ec180000)
  to   space 2560K, 0% used [0x00000000ec180000,0x00000000ec180000,0x00000000ec400000)
 ParOldGen       total 44032K, used 6988K [0x00000000c0c00000, 0x00000000c3700000, 0x00000000eaf00000)
  object space 44032K, 15% used [0x00000000c0c00000,0x00000000c12d3340,0x00000000c3700000)
 Metaspace       used 20876K, capacity 21142K, committed 21296K, reserved 1069056K
  class space    used 2595K, capacity 2669K, committed 2688K, reserved 1048576K
}
Event: 23.307 GC heap before
{Heap before GC invocations=4 (full 1):
 PSYoungGen      total 18944K, used 2528K [0x00000000eaf00000, 0x00000000ec400000, 0x0000000100000000)
  eden space 16384K, 0% used [0x00000000eaf00000,0x00000000eaf00000,0x00000000ebf00000)
  from space 2560K, 98% used [0x00000000ebf00000,0x00000000ec178060,0x00000000ec180000)
  to   space 2560K, 0% used [0x00000000ec180000,0x00000000ec180000,0x00000000ec400000)
 ParOldGen       total 44032K, used 6988K [0x00000000c0c00000, 0x00000000c3700000, 0x00000000eaf00000)
  object space 44032K, 15% used [0x00000000c0c00000,0x00000000c12d3340,0x00000000c3700000)
 Metaspace       used 20876K, capacity 21142K, committed 21296K, reserved 1069056K
  class space    used 2595K, capacity 2669K, committed 2688K, reserved 1048576K
Event: 23.451 GC heap after
Heap after GC invocations=4 (full 1):
 PSYoungGen      total 18944K, used 0K [0x00000000eaf00000, 0x00000000ec400000, 0x0000000100000000)
  eden space 16384K, 0% used [0x00000000eaf00000,0x00000000eaf00000,0x00000000ebf00000)
  from space 2560K, 0% used [0x00000000ebf00000,0x00000000ebf00000,0x00000000ec180000)
  to   space 2560K, 0% used [0x00000000ec180000,0x00000000ec180000,0x00000000ec400000)
 ParOldGen       total 39424K, used 8863K [0x00000000c0c00000, 0x00000000c3280000, 0x00000000eaf00000)
  object space 39424K, 22% used [0x00000000c0c00000,0x00000000c14a7f68,0x00000000c3280000)
 Metaspace       used 20876K, capacity 21142K, committed 21296K, reserved 1069056K
  class space    used 2595K, capacity 2669K, committed 2688K, reserved 1048576K
}
Event: 23.809 GC heap before
{Heap before GC invocations=5 (full 1):
 PSYoungGen      total 18944K, used 14918K [0x00000000eaf00000, 0x00000000ec400000, 0x0000000100000000)
  eden space 16384K, 91% used [0x00000000eaf00000,0x00000000ebd91848,0x00000000ebf00000)
  from space 2560K, 0% used [0x00000000ebf00000,0x00000000ebf00000,0x00000000ec180000)
  to   space 2560K, 0% used [0x00000000ec180000,0x00000000ec180000,0x00000000ec400000)
 ParOldGen       total 39424K, used 8863K [0x00000000c0c00000, 0x00000000c3280000, 0x00000000eaf00000)
  object space 39424K, 22% used [0x00000000c0c00000,0x00000000c14a7f68,0x00000000c3280000)
 Metaspace       used 20914K, capacity 21174K, committed 21424K, reserved 1069056K
  class space    used 2609K, capacity 2701K, committed 2816K, reserved 1048576K
Event: 23.846 GC heap after
Heap after GC invocations=5 (full 1):
 PSYoungGen      total 18944K, used 224K [0x00000000eaf00000, 0x00000000ed100000, 0x0000000100000000)
  eden space 16384K, 0% used [0x00000000eaf00000,0x00000000eaf00000,0x00000000ebf00000)
  from space 2560K, 8% used [0x00000000ec180000,0x00000000ec1b8000,0x00000000ec400000)
  to   space 2560K, 0% used [0x00000000ebf00000,0x00000000ebf00000,0x00000000ec180000)
 ParOldGen       total 39424K, used 18359K [0x00000000c0c00000, 0x00000000c3280000, 0x00000000eaf00000)
  object space 39424K, 46% used [0x00000000c0c00000,0x00000000c1dedf88,0x00000000c3280000)
 Metaspace       used 20914K, capacity 21174K, committed 21424K, reserved 1069056K
  class space    used 2609K, capacity 2701K, committed 2816K, reserved 1048576K
}
Event: 27.933 GC heap before
{Heap before GC invocations=6 (full 1):
 PSYoungGen      total 18944K, used 7346K [0x00000000eaf00000, 0x00000000ed100000, 0x0000000100000000)
  eden space 16384K, 43% used [0x00000000eaf00000,0x00000000eb5f4808,0x00000000ebf00000)
  from space 2560K, 8% used [0x00000000ec180000,0x00000000ec1b8000,0x00000000ec400000)
  to   space 2560K, 0% used [0x00000000ebf00000,0x00000000ebf00000,0x00000000ec180000)
 ParOldGen       total 556544K, used 544580K [0x00000000c0c00000, 0x00000000e2b80000, 0x00000000eaf00000)
  object space 556544K, 97% used [0x00000000c0c00000,0x00000000e1fd1230,0x00000000e2b80000)
 Metaspace       used 20914K, capacity 21174K, committed 21424K, reserved 1069056K
  class space    used 2609K, capacity 2701K, committed 2816K, reserved 1048576K

Deoptimization events (10 events):
Event: 20.459 Thread 0x0000000016610000 Uncommon trap: reason=class_check action=maybe_recompile pc=0x000000000268192c method=java.io.DataInputStream.readInt()I @ 4
Event: 20.477 Thread 0x0000000016610000 Uncommon trap: reason=class_check action=maybe_recompile pc=0x000000000268192c method=java.io.DataInputStream.readInt()I @ 4
Event: 20.477 Thread 0x0000000016610000 Uncommon trap: reason=class_check action=maybe_recompile pc=0x000000000268192c method=java.io.DataInputStream.readInt()I @ 4
Event: 20.477 Thread 0x0000000016610000 Uncommon trap: reason=class_check action=maybe_recompile pc=0x000000000268192c method=java.io.DataInputStream.readInt()I @ 4
Event: 21.217 Thread 0x0000000016610000 Uncommon trap: reason=unstable_if action=reinterpret pc=0x00000000024c079c method=java.io.WinNTFileSystem.normalize(Ljava/lang/String;)Ljava/lang/String; @ 128
Event: 21.226 Thread 0x0000000016610000 Uncommon trap: reason=class_check action=maybe_recompile pc=0x0000000002700e80 method=java.util.HashMap.putVal(ILjava/lang/Object;Ljava/lang/Object;ZZ)Ljava/lang/Object; @ 253
Event: 21.226 Thread 0x0000000016610000 Uncommon trap: reason=class_check action=maybe_recompile pc=0x0000000002700e80 method=java.util.HashMap.putVal(ILjava/lang/Object;Ljava/lang/Object;ZZ)Ljava/lang/Object; @ 253
Event: 21.226 Thread 0x0000000016610000 Uncommon trap: reason=class_check action=maybe_recompile pc=0x0000000002700e80 method=java.util.HashMap.putVal(ILjava/lang/Object;Ljava/lang/Object;ZZ)Ljava/lang/Object; @ 253
Event: 21.226 Thread 0x0000000016610000 Uncommon trap: reason=class_check action=maybe_recompile pc=0x0000000002700e80 method=java.util.HashMap.putVal(ILjava/lang/Object;Ljava/lang/Object;ZZ)Ljava/lang/Object; @ 253
Event: 23.205 Thread 0x0000000016610000 Uncommon trap: reason=unstable_if action=reinterpret pc=0x00000000026be870 method=java.util.HashMap.resize()[Ljava/util/HashMap$Node; @ 206

Internal exceptions (10 events):
Event: 22.156 Thread 0x0000000016610000 Exception <a 'java/lang/ClassNotFoundException': javax/mail/internet/MimeMultipart> (0x00000000ebebcb10) thrown at [C:\re\workspace\8-2-build-windows-amd64-cygwin\jdk8u131\8869\hotspot\src\share\vm\classfile\systemDictionary.cpp, line 210]
Event: 22.157 Thread 0x0000000016610000 Exception <a 'java/lang/ClassNotFoundException': org/apache/axis/attachments/AttachmentsImpl> (0x00000000ebebcf98) thrown at [C:\re\workspace\8-2-build-windows-amd64-cygwin\jdk8u131\8869\hotspot\src\share\vm\classfile\systemDictionary.cpp, line 210]
Event: 22.250 Thread 0x0000000016610000 Exception <a 'java/lang/ClassNotFoundException': org/apache/axis/transport/http/HTTPSender> (0x00000000eaf26168) thrown at [C:\re\workspace\8-2-build-windows-amd64-cygwin\jdk8u131\8869\hotspot\src\share\vm\classfile\systemDictionary.cpp, line 210]
Event: 22.744 Thread 0x0000000016610000 Exception <a 'java/lang/ClassNotFoundException': booleanBeanInfo> (0x00000000eb0c5d58) thrown at [C:\re\workspace\8-2-build-windows-amd64-cygwin\jdk8u131\8869\hotspot\src\share\vm\classfile\systemDictionary.cpp, line 210]
Event: 22.744 Thread 0x0000000016610000 Exception <a 'java/lang/ClassNotFoundException': booleanCustomizer> (0x00000000eb0c7fd8) thrown at [C:\re\workspace\8-2-build-windows-amd64-cygwin\jdk8u131\8869\hotspot\src\share\vm\classfile\systemDictionary.cpp, line 210]
Event: 23.701 Thread 0x0000000016610000 Exception <a 'java/lang/ClassNotFoundException': java/lang/StringBeanInfo> (0x00000000eaf766c0) thrown at [C:\re\workspace\8-2-build-windows-amd64-cygwin\jdk8u131\8869\hotspot\src\share\vm\classfile\systemDictionary.cpp, line 210]
Event: 23.701 Thread 0x0000000016610000 Exception <a 'java/lang/ClassNotFoundException': java/lang/StringCustomizer> (0x00000000eaf78ea0) thrown at [C:\re\workspace\8-2-build-windows-amd64-cygwin\jdk8u131\8869\hotspot\src\share\vm\classfile\systemDictionary.cpp, line 210]
Event: 23.704 Thread 0x0000000016610000 Exception <a 'java/lang/ArrayIndexOutOfBoundsException'> (0x00000000eaf7dff8) thrown at [C:\re\workspace\8-2-build-windows-amd64-cygwin\jdk8u131\8869\hotspot\src\share\vm\runtime\sharedRuntime.cpp, line 605]
Event: 23.708 Thread 0x0000000016610000 Exception <a 'java/lang/ArrayIndexOutOfBoundsException'> (0x00000000eaf8e488) thrown at [C:\re\workspace\8-2-build-windows-amd64-cygwin\jdk8u131\8869\hotspot\src\share\vm\runtime\sharedRuntime.cpp, line 605]
Event: 23.708 Thread 0x0000000016610000 Exception <a 'java/lang/ArrayIndexOutOfBoundsException'> (0x00000000eaf8f4d8) thrown at [C:\re\workspace\8-2-build-windows-amd64-cygwin\jdk8u131\8869\hotspot\src\share\vm\runtime\sharedRuntime.cpp, line 605]

Events (10 events):
Event: 23.777 Thread 0x0000000016610000 DEOPT UNPACKING pc=0x00000000022c787f sp=0x0000000017b0c810 mode 0
Event: 23.809 Executing VM operation: ParallelGCFailedAllocation
Event: 23.847 Executing VM operation: ParallelGCFailedAllocation done
Event: 23.847 Executing VM operation: RevokeBias
Event: 23.848 Executing VM operation: RevokeBias done
Event: 23.848 Executing VM operation: RevokeBias
Event: 23.856 Executing VM operation: RevokeBias done
Event: 23.856 Executing VM operation: RevokeBias
Event: 23.856 Executing VM operation: RevokeBias done
Event: 27.933 Executing VM operation: ParallelGCFailedAllocation


Dynamic libraries:
0x00007ff7a4740000 - 0x00007ff7a4777000 	C:\Program Files\Java\jre1.8.0_131\bin\javaw.exe
0x00007ffba1520000 - 0x00007ffba16cd000 	C:\WINDOWS\SYSTEM32\ntdll.dll
0x00007ffb9f990000 - 0x00007ffb9faca000 	C:\WINDOWS\system32\KERNEL32.DLL
0x00007ffb7d9b0000 - 0x00007ffb7da04000 	C:\Program Files (x86)\AVG\Av\avghooka.dll
0x00007ffb9d5c0000 - 0x00007ffb9d6d5000 	C:\WINDOWS\system32\KERNELBASE.dll
0x00007ffb9c160000 - 0x00007ffb9c1e8000 	C:\WINDOWS\system32\apphelp.dll
0x00007ffba0950000 - 0x00007ffba099f000 	C:\WINDOWS\AppPatch\AppPatch64\AcGenral.DLL
0x00007ffb9fb80000 - 0x00007ffb9fc27000 	C:\WINDOWS\system32\msvcrt.dll
0x00007ffb9d2c0000 - 0x00007ffb9d2eb000 	C:\WINDOWS\SYSTEM32\SspiCli.dll
0x00007ffb9fee0000 - 0x00007ffb9ff31000 	C:\WINDOWS\system32\SHLWAPI.dll
0x00007ffb9db10000 - 0x00007ffb9dc87000 	C:\WINDOWS\system32\USER32.dll
0x00007ffb9fd60000 - 0x00007ffb9fed8000 	C:\WINDOWS\system32\ole32.dll
0x00007ffb9e2a0000 - 0x00007ffb9f6b7000 	C:\WINDOWS\system32\SHELL32.dll
0x00007ffb9cad0000 - 0x00007ffb9caef000 	C:\WINDOWS\SYSTEM32\USERENV.dll
0x00007ffb9fad0000 - 0x00007ffb9fb7a000 	C:\WINDOWS\system32\ADVAPI32.dll
0x00007ffb93430000 - 0x00007ffb9344b000 	C:\WINDOWS\SYSTEM32\MPR.dll
0x00007ffb9e160000 - 0x00007ffb9e296000 	C:\WINDOWS\system32\RPCRT4.dll
0x00007ffb9da10000 - 0x00007ffb9da67000 	C:\WINDOWS\SYSTEM32\sechost.dll
0x00007ffb9dda0000 - 0x00007ffb9df76000 	C:\WINDOWS\SYSTEM32\combase.dll
0x00007ffb9f6c0000 - 0x00007ffb9f805000 	C:\WINDOWS\system32\GDI32.dll
0x00007ffb9d4f0000 - 0x00007ffb9d504000 	C:\WINDOWS\SYSTEM32\profapi.dll
0x00007ffb9be10000 - 0x00007ffb9beaf000 	C:\WINDOWS\SYSTEM32\SHCORE.dll
0x00007ffb9dc90000 - 0x00007ffb9dcc4000 	C:\WINDOWS\system32\IMM32.DLL
0x00007ffb9f810000 - 0x00007ffb9f962000 	C:\WINDOWS\system32\MSCTF.dll
0x00007ffb9b380000 - 0x00007ffb9b5da000 	C:\WINDOWS\WinSxS\amd64_microsoft.windows.common-controls_6595b64144ccf1df_6.0.9600.17031_none_6242a4b3ecbb55a1\COMCTL32.dll
0x000000006b0b0000 - 0x000000006b182000 	C:\Program Files\Java\jre1.8.0_131\bin\msvcr100.dll
0x000000006c6b0000 - 0x000000006cf4c000 	C:\Program Files\Java\jre1.8.0_131\bin\server\jvm.dll
0x00007ffb95d40000 - 0x00007ffb95d49000 	C:\WINDOWS\SYSTEM32\WSOCK32.dll
0x00007ffb98ad0000 - 0x00007ffb98aef000 	C:\WINDOWS\SYSTEM32\WINMM.dll
0x00007ffb96b60000 - 0x00007ffb96b6a000 	C:\WINDOWS\SYSTEM32\VERSION.dll
0x00007ffb9ff40000 - 0x00007ffb9ff47000 	C:\WINDOWS\system32\PSAPI.DLL
0x00007ffb9dce0000 - 0x00007ffb9dd3a000 	C:\WINDOWS\system32\WS2_32.dll
0x00007ffb98aa0000 - 0x00007ffb98aca000 	C:\WINDOWS\SYSTEM32\WINMMBASE.dll
0x00007ffb9f970000 - 0x00007ffb9f979000 	C:\WINDOWS\system32\NSI.dll
0x00007ffb9d6e0000 - 0x00007ffb9d72a000 	C:\WINDOWS\SYSTEM32\cfgmgr32.dll
0x00007ffb9c330000 - 0x00007ffb9c356000 	C:\WINDOWS\SYSTEM32\DEVOBJ.dll
0x000000006c6a0000 - 0x000000006c6af000 	C:\Program Files\Java\jre1.8.0_131\bin\verify.dll
0x000000006c670000 - 0x000000006c699000 	C:\Program Files\Java\jre1.8.0_131\bin\java.dll
0x000000006c650000 - 0x000000006c666000 	C:\Program Files\Java\jre1.8.0_131\bin\zip.dll
0x000000006af10000 - 0x000000006b0a8000 	C:\Program Files\Java\jre1.8.0_131\bin\awt.dll
0x00007ffba0100000 - 0x00007ffba01b7000 	C:\WINDOWS\system32\OLEAUT32.dll
0x00007ffb9c200000 - 0x00007ffb9c321000 	C:\WINDOWS\system32\uxtheme.dll
0x00007ffb9b5e0000 - 0x00007ffb9b600000 	C:\WINDOWS\system32\dwmapi.dll
0x00007ffb9c380000 - 0x00007ffb9c38a000 	C:\WINDOWS\SYSTEM32\kernel.appcore.dll
0x00007ffb9d360000 - 0x00007ffb9d36a000 	C:\WINDOWS\SYSTEM32\CRYPTBASE.dll
0x00007ffb9d2f0000 - 0x00007ffb9d353000 	C:\WINDOWS\SYSTEM32\bcryptPrimitives.dll
0x000000006aec0000 - 0x000000006af07000 	C:\Program Files\Java\jre1.8.0_131\bin\fontmanager.dll
0x00007ffb8bed0000 - 0x00007ffb8bff1000 	C:\WINDOWS\system32\opengl32.dll
0x00007ffb91e80000 - 0x00007ffb91eac000 	C:\WINDOWS\SYSTEM32\GLU32.dll
0x00007ffb86520000 - 0x00007ffb86614000 	C:\WINDOWS\SYSTEM32\DDRAW.dll
0x00007ffba0f20000 - 0x00007ffba0f29000 	C:\WINDOWS\SYSTEM32\DCIMAN32.dll
0x000000006c630000 - 0x000000006c64a000 	C:\Program Files\Java\jre1.8.0_131\bin\net.dll
0x00007ffb9cd20000 - 0x00007ffb9cd79000 	C:\WINDOWS\system32\mswsock.dll
0x000000006c610000 - 0x000000006c621000 	C:\Program Files\Java\jre1.8.0_131\bin\nio.dll
0x000000006ae70000 - 0x000000006aeb2000 	C:\Program Files\Java\jre1.8.0_131\bin\t2k.dll
0x00007ffb9fc50000 - 0x00007ffb9fcf4000 	C:\WINDOWS\SYSTEM32\clbcatq.dll
0x00007ffba0730000 - 0x00007ffba08de000 	C:\WINDOWS\SYSTEM32\WindowsCodecs.dll
0x00007ffb9cd80000 - 0x00007ffb9cd9e000 	C:\WINDOWS\SYSTEM32\CRYPTSP.dll
0x00007ffb9c9c0000 - 0x00007ffb9c9f6000 	C:\WINDOWS\system32\rsaenh.dll
0x00007ffb9cfc0000 - 0x00007ffb9cfe6000 	C:\WINDOWS\SYSTEM32\bcrypt.dll
0x000000006ae40000 - 0x000000006ae6a000 	C:\Program Files\Java\jre1.8.0_131\bin\dcpr.dll
0x00007ffb9cb30000 - 0x00007ffb9cbd3000 	C:\WINDOWS\SYSTEM32\DNSAPI.dll
0x000000006e9e0000 - 0x000000006ea06000 	C:\Program Files\Bonjour\mdnsNSP.dll
0x00007ffb984c0000 - 0x00007ffb984e9000 	C:\WINDOWS\SYSTEM32\Iphlpapi.DLL
0x00007ffb98680000 - 0x00007ffb9868a000 	C:\WINDOWS\SYSTEM32\WINNSI.DLL
0x00007ffb92e10000 - 0x00007ffb92e19000 	C:\Windows\System32\rasadhlp.dll
0x00007ffb98530000 - 0x00007ffb9859b000 	C:\WINDOWS\System32\fwpuclnt.dll
0x00007ffb98510000 - 0x00007ffb98524000 	C:\WINDOWS\SYSTEM32\dhcpcsvc6.DLL
0x00007ffb984f0000 - 0x00007ffb98509000 	C:\WINDOWS\SYSTEM32\dhcpcsvc.DLL

VM Arguments:
jvm_args: -Dfile.encoding=Cp1252 
java_command: clientapp.Client1
java_class_path (initial): C:\Users\khadiza\workspace\ClientApp\bin;C:\Users\khadiza\Downloads\Compressed\javax.xml.rpc-3.1.2.2.jar;C:\Users\khadiza\Downloads\Compressed\axis-1.4.jar;C:\Users\khadiza\Downloads\Compressed\org-apache-commons-logging.jar;C:\Users\khadiza\Downloads\Compressed\commons-discovery-0.5.jar;C:\Users\khadiza\Downloads\Compressed\wsdl4j-1.5.2.jar;C:\Users\khadiza\Downloads\Compressed\javamail-mailapi-1.4.jar;C:\Users\khadiza\Downloads\Compressed\javax.activation.jar;B:\softwares\Outils_java\mysql-connector-java-5.1.38\mysql-connector-java-5.1.38-bin.jar
Launcher Type: SUN_STANDARD

Environment Variables:
JAVA_HOME=C:\Program Files\Java\jdk1.8.0_66
CLASSPATH=.;B:\Red area(x64)\AxisLib\activation.jar;B:\Red area(x64)\AxisLib\axis.jar;B:\Red area(x64)\AxisLib\axis-ant.jar;B:\Red area(x64)\AxisLib\axis-schema.jar;B:\Red area(x64)\AxisLib\commons-discovery-0.2.jar;B:\Red area(x64)\AxisLib\commons-logging-1.0.4.jar;B:\Red area(x64)\AxisLib\jaxrpc.jar;B:\Red area(x64)\AxisLib\log4j-1.2.8.jar;B:\Red area(x64)\AxisLib\mail.jar;B:\Red area(x64)\AxisLib\saaj.jar;B:\Red area(x64)\AxisLib\wsdl4j-1.5.1.jar;B:\Red area(x64)\AxisLib\xerces.jar;
PATH=C:/Program Files/Java/jre1.8.0_131/bin/server;C:/Program Files/Java/jre1.8.0_131/bin;C:/Program Files/Java/jre1.8.0_131/lib/amd64;C:\ProgramData\Oracle\Java\javapath;c:\Program Files (x86)\AMD APP\bin\x86_64;c:\Program Files (x86)\AMD APP\bin\x86;C:\WINDOWS\system32;C:\WINDOWS;C:\WINDOWS\System32\Wbem;C:\WINDOWS\System32\WindowsPowerShell\v1.0\;C:\Program Files\Java\jdk1.8.0_66\bin;C:\Program Files\Java\jre1.8.0_66\bin;B:\Red area(x64)\apache-tomcat-9.0.0.M17\bin;B:\Red area(x64)\maven\apache-maven-3.5.0\bin;B:\Red area(x64)\wildfly-10.1.0.Final\bin;C:\Program Files (x86)\Intel\OpenCL SDK\2.0\bin\x86;C:\Program Files (x86)\Intel\OpenCL SDK\2.0\bin\x64;C:\Program Files\Java\jdk1.8.0_66\bin;C:\WINDOWS\System32;
USERNAME=Chris
OS=Windows_NT
PROCESSOR_IDENTIFIER=Intel64 Family 6 Model 42 Stepping 7, GenuineIntel



---------------  S Y S T E M  ---------------

OS: Windows 8.1 , 64 bit Build 9600 (6.3.9600.17031)

CPU:total 4 (initial active 4) (2 cores per cpu, 2 threads per core) family 6 model 42 stepping 7, cmov, cx8, fxsr, mmx, sse, sse2, sse3, ssse3, sse4.1, sse4.2, popcnt, avx, aes, clmul, ht, tsc, tscinvbit

Memory: 4k page, physical 4140912k(67344k free), swap 7286640k(4208k free)

vm_info: Java HotSpot(TM) 64-Bit Server VM (25.131-b11) for windows-amd64 JRE (1.8.0_131-b11), built on Mar 15 2017 01:23:53 by "java_re" with MS VC++ 10.0 (VS2010)

time: Fri May 26 12:10:35 2017
elapsed time: 31 seconds (0d 0h 0m 31s)

